   0  $accept : %entry% $end

   1  program : stmt_list EOF

   2  stmt_list :
   3            | stmt_list stmt

   4  stmt : expr SEMICOLUMN
   5       | func_decl
   6       | RETURN SEMICOLUMN
   7       | RETURN expr SEMICOLUMN
   8       | FOR LEFTROUNDBRACKET for_expr SEMICOLUMN expr SEMICOLUMN for_expr RIGHTROUNDBRACKET LEFTCURLYBRACKET stmt_list RIGHTCURLYBRACKET
   9       | IF LEFTROUNDBRACKET expr RIGHTROUNDBRACKET LEFTCURLYBRACKET stmt_list RIGHTCURLYBRACKET ELSE LEFTCURLYBRACKET stmt_list RIGHTCURLYBRACKET
  10       | IF LEFTROUNDBRACKET expr RIGHTROUNDBRACKET LEFTCURLYBRACKET stmt_list RIGHTCURLYBRACKET
  11       | WHILE LEFTROUNDBRACKET expr RIGHTROUNDBRACKET LEFTCURLYBRACKET stmt_list RIGHTCURLYBRACKET
  12       | var_decl SEMICOLUMN

  13  var_decl : var_type ID
  14           | var_type ID ASSIGN expr

  15  var_type : VOID
  16           | NULL
  17           | INT
  18           | FLOAT
  19           | STRING
  20           | BOOL
  21           | NODE
  22           | GRAPH
  23           | DICT SMALLER INT GREATER
  24           | DICT SMALLER FLOAT GREATER
  25           | DICT SMALLER STRING GREATER
  26           | DICT SMALLER NODE GREATER
  27           | DICT SMALLER GRAPH GREATER
  28           | LIST SMALLER INT GREATER
  29           | LIST SMALLER FLOAT GREATER
  30           | LIST SMALLER STRING GREATER
  31           | LIST SMALLER BOOL GREATER
  32           | LIST SMALLER NODE GREATER
  33           | LIST SMALLER GRAPH GREATER

  34  formal_list :
  35              | formal
  36              | formal_list SEQUENCE formal

  37  formal : var_type ID

  38  func_decl : var_type ID LEFTROUNDBRACKET formal_list RIGHTROUNDBRACKET LEFTCURLYBRACKET stmt_list RIGHTCURLYBRACKET

  39  for_expr :
  40           | expr

  41  expr : literals
  42       | NULL
  43       | arith_ops
  44       | NODE LEFTROUNDBRACKET expr RIGHTROUNDBRACKET
  45       | ID
  46       | ID ASSIGN expr
  47       | LEFTBRACKET list RIGHTBRACKET
  48       | LEFTCURLYBRACKET dict RIGHTCURLYBRACKET
  49       | LEFTROUNDBRACKET expr RIGHTROUNDBRACKET
  50       | ID LEFTROUNDBRACKET list RIGHTROUNDBRACKET
  51       | INT LEFTROUNDBRACKET list RIGHTROUNDBRACKET
  52       | FLOAT LEFTROUNDBRACKET list RIGHTROUNDBRACKET
  53       | BOOL LEFTROUNDBRACKET list RIGHTROUNDBRACKET
  54       | STRING LEFTROUNDBRACKET list RIGHTROUNDBRACKET
  55       | expr DOT ID LEFTROUNDBRACKET list RIGHTROUNDBRACKET
  56       | SPLIT splits SPLIT

  57  list :
  58       | expr
  59       | list SEQUENCE expr

  60  edgeAssign : ID COLUMN expr WEIGHTED ID

  61  splits : edgeAssign
  62         | splits SEQUENCE edgeAssign

  63  dict_key_value : expr COLUMN expr

  64  dict :
  65       | dict_key_value
  66       | dict SEQUENCE dict_key_value

  67  arith_ops : expr PLUS expr
  68            | expr MINUS expr
  69            | expr TIMES expr
  70            | expr DIVIDE expr
  71            | expr EQUAL expr
  72            | expr NOTEQUAL expr
  73            | expr SMALLER expr
  74            | expr SMALLEREQUAL expr
  75            | expr GREATER expr
  76            | expr GREATEREQUAL expr
  77            | expr AND expr
  78            | expr MOD expr
  79            | expr OR expr
  80            | NOT expr
  81            | MINUS expr

  82  literals : INT_LITERAL
  83           | FLOAT_LITERAL
  84           | STRING_LITERAL
  85           | BOOL_LITERAL

  86  %entry% : '\001' program

state 0
	$accept : . %entry% $end  (0)

	'\001'  shift 1
	.  error

	%entry%  goto 2


state 1
	%entry% : '\001' . program  (86)
	stmt_list : .  (2)

	.  reduce 2

	program  goto 3
	stmt_list  goto 4


state 2
	$accept : %entry% . $end  (0)

	$end  accept


state 3
	%entry% : '\001' program .  (86)

	.  reduce 86


state 4
	program : stmt_list . EOF  (1)
	stmt_list : stmt_list . stmt  (3)

	MINUS  shift 5
	SPLIT  shift 6
	NOT  shift 7
	IF  shift 8
	FOR  shift 9
	WHILE  shift 10
	RETURN  shift 11
	INT  shift 12
	FLOAT  shift 13
	STRING  shift 14
	BOOL  shift 15
	NODE  shift 16
	GRAPH  shift 17
	LIST  shift 18
	DICT  shift 19
	NULL  shift 20
	VOID  shift 21
	LEFTBRACKET  shift 22
	LEFTCURLYBRACKET  shift 23
	LEFTROUNDBRACKET  shift 24
	EOF  shift 25
	ID  shift 26
	INT_LITERAL  shift 27
	STRING_LITERAL  shift 28
	FLOAT_LITERAL  shift 29
	BOOL_LITERAL  shift 30
	.  error

	stmt  goto 31
	expr  goto 32
	func_decl  goto 33
	var_decl  goto 34
	var_type  goto 35
	literals  goto 36
	arith_ops  goto 37


state 5
	arith_ops : MINUS . expr  (81)

	MINUS  shift 5
	SPLIT  shift 6
	NOT  shift 7
	INT  shift 38
	FLOAT  shift 39
	STRING  shift 40
	BOOL  shift 41
	NODE  shift 42
	NULL  shift 43
	LEFTBRACKET  shift 22
	LEFTCURLYBRACKET  shift 23
	LEFTROUNDBRACKET  shift 24
	ID  shift 26
	INT_LITERAL  shift 27
	STRING_LITERAL  shift 28
	FLOAT_LITERAL  shift 29
	BOOL_LITERAL  shift 30
	.  error

	expr  goto 44
	literals  goto 36
	arith_ops  goto 37


state 6
	expr : SPLIT . splits SPLIT  (56)

	ID  shift 45
	.  error

	splits  goto 46
	edgeAssign  goto 47


state 7
	arith_ops : NOT . expr  (80)

	MINUS  shift 5
	SPLIT  shift 6
	NOT  shift 7
	INT  shift 38
	FLOAT  shift 39
	STRING  shift 40
	BOOL  shift 41
	NODE  shift 42
	NULL  shift 43
	LEFTBRACKET  shift 22
	LEFTCURLYBRACKET  shift 23
	LEFTROUNDBRACKET  shift 24
	ID  shift 26
	INT_LITERAL  shift 27
	STRING_LITERAL  shift 28
	FLOAT_LITERAL  shift 29
	BOOL_LITERAL  shift 30
	.  error

	expr  goto 48
	literals  goto 36
	arith_ops  goto 37


state 8
	stmt : IF . LEFTROUNDBRACKET expr RIGHTROUNDBRACKET LEFTCURLYBRACKET stmt_list RIGHTCURLYBRACKET ELSE LEFTCURLYBRACKET stmt_list RIGHTCURLYBRACKET  (9)
	stmt : IF . LEFTROUNDBRACKET expr RIGHTROUNDBRACKET LEFTCURLYBRACKET stmt_list RIGHTCURLYBRACKET  (10)

	LEFTROUNDBRACKET  shift 49
	.  error


state 9
	stmt : FOR . LEFTROUNDBRACKET for_expr SEMICOLUMN expr SEMICOLUMN for_expr RIGHTROUNDBRACKET LEFTCURLYBRACKET stmt_list RIGHTCURLYBRACKET  (8)

	LEFTROUNDBRACKET  shift 50
	.  error


state 10
	stmt : WHILE . LEFTROUNDBRACKET expr RIGHTROUNDBRACKET LEFTCURLYBRACKET stmt_list RIGHTCURLYBRACKET  (11)

	LEFTROUNDBRACKET  shift 51
	.  error


state 11
	stmt : RETURN . SEMICOLUMN  (6)
	stmt : RETURN . expr SEMICOLUMN  (7)

	MINUS  shift 5
	SEMICOLUMN  shift 52
	SPLIT  shift 6
	NOT  shift 7
	INT  shift 38
	FLOAT  shift 39
	STRING  shift 40
	BOOL  shift 41
	NODE  shift 42
	NULL  shift 43
	LEFTBRACKET  shift 22
	LEFTCURLYBRACKET  shift 23
	LEFTROUNDBRACKET  shift 24
	ID  shift 26
	INT_LITERAL  shift 27
	STRING_LITERAL  shift 28
	FLOAT_LITERAL  shift 29
	BOOL_LITERAL  shift 30
	.  error

	expr  goto 53
	literals  goto 36
	arith_ops  goto 37


state 12
	var_type : INT .  (17)
	expr : INT . LEFTROUNDBRACKET list RIGHTROUNDBRACKET  (51)

	LEFTROUNDBRACKET  shift 54
	ID  reduce 17


state 13
	var_type : FLOAT .  (18)
	expr : FLOAT . LEFTROUNDBRACKET list RIGHTROUNDBRACKET  (52)

	LEFTROUNDBRACKET  shift 55
	ID  reduce 18


state 14
	var_type : STRING .  (19)
	expr : STRING . LEFTROUNDBRACKET list RIGHTROUNDBRACKET  (54)

	LEFTROUNDBRACKET  shift 56
	ID  reduce 19


state 15
	var_type : BOOL .  (20)
	expr : BOOL . LEFTROUNDBRACKET list RIGHTROUNDBRACKET  (53)

	LEFTROUNDBRACKET  shift 57
	ID  reduce 20


state 16
	var_type : NODE .  (21)
	expr : NODE . LEFTROUNDBRACKET expr RIGHTROUNDBRACKET  (44)

	LEFTROUNDBRACKET  shift 58
	ID  reduce 21


state 17
	var_type : GRAPH .  (22)

	.  reduce 22


state 18
	var_type : LIST . SMALLER INT GREATER  (28)
	var_type : LIST . SMALLER FLOAT GREATER  (29)
	var_type : LIST . SMALLER STRING GREATER  (30)
	var_type : LIST . SMALLER BOOL GREATER  (31)
	var_type : LIST . SMALLER NODE GREATER  (32)
	var_type : LIST . SMALLER GRAPH GREATER  (33)

	SMALLER  shift 59
	.  error


state 19
	var_type : DICT . SMALLER INT GREATER  (23)
	var_type : DICT . SMALLER FLOAT GREATER  (24)
	var_type : DICT . SMALLER STRING GREATER  (25)
	var_type : DICT . SMALLER NODE GREATER  (26)
	var_type : DICT . SMALLER GRAPH GREATER  (27)

	SMALLER  shift 60
	.  error


state 20
	var_type : NULL .  (16)
	expr : NULL .  (42)

	PLUS  reduce 42
	MINUS  reduce 42
	TIMES  reduce 42
	DIVIDE  reduce 42
	MOD  reduce 42
	SEMICOLUMN  reduce 42
	DOT  reduce 42
	GREATER  reduce 42
	GREATEREQUAL  reduce 42
	SMALLER  reduce 42
	SMALLEREQUAL  reduce 42
	EQUAL  reduce 42
	NOTEQUAL  reduce 42
	AND  reduce 42
	OR  reduce 42
	ID  reduce 16


state 21
	var_type : VOID .  (15)

	.  reduce 15


state 22
	expr : LEFTBRACKET . list RIGHTBRACKET  (47)
	list : .  (57)

	MINUS  shift 5
	SPLIT  shift 6
	NOT  shift 7
	INT  shift 38
	FLOAT  shift 39
	STRING  shift 40
	BOOL  shift 41
	NODE  shift 42
	NULL  shift 43
	LEFTBRACKET  shift 22
	LEFTCURLYBRACKET  shift 23
	LEFTROUNDBRACKET  shift 24
	ID  shift 26
	INT_LITERAL  shift 27
	STRING_LITERAL  shift 28
	FLOAT_LITERAL  shift 29
	BOOL_LITERAL  shift 30
	SEQUENCE  reduce 57
	RIGHTBRACKET  reduce 57

	expr  goto 61
	literals  goto 36
	arith_ops  goto 37
	list  goto 62


state 23
	expr : LEFTCURLYBRACKET . dict RIGHTCURLYBRACKET  (48)
	dict : .  (64)

	MINUS  shift 5
	SPLIT  shift 6
	NOT  shift 7
	INT  shift 38
	FLOAT  shift 39
	STRING  shift 40
	BOOL  shift 41
	NODE  shift 42
	NULL  shift 43
	LEFTBRACKET  shift 22
	LEFTCURLYBRACKET  shift 23
	LEFTROUNDBRACKET  shift 24
	ID  shift 26
	INT_LITERAL  shift 27
	STRING_LITERAL  shift 28
	FLOAT_LITERAL  shift 29
	BOOL_LITERAL  shift 30
	SEQUENCE  reduce 64
	RIGHTCURLYBRACKET  reduce 64

	expr  goto 63
	literals  goto 36
	arith_ops  goto 37
	dict  goto 64
	dict_key_value  goto 65


state 24
	expr : LEFTROUNDBRACKET . expr RIGHTROUNDBRACKET  (49)

	MINUS  shift 5
	SPLIT  shift 6
	NOT  shift 7
	INT  shift 38
	FLOAT  shift 39
	STRING  shift 40
	BOOL  shift 41
	NODE  shift 42
	NULL  shift 43
	LEFTBRACKET  shift 22
	LEFTCURLYBRACKET  shift 23
	LEFTROUNDBRACKET  shift 24
	ID  shift 26
	INT_LITERAL  shift 27
	STRING_LITERAL  shift 28
	FLOAT_LITERAL  shift 29
	BOOL_LITERAL  shift 30
	.  error

	expr  goto 66
	literals  goto 36
	arith_ops  goto 37


state 25
	program : stmt_list EOF .  (1)

	.  reduce 1


state 26
	expr : ID .  (45)
	expr : ID . ASSIGN expr  (46)
	expr : ID . LEFTROUNDBRACKET list RIGHTROUNDBRACKET  (50)

	ASSIGN  shift 67
	LEFTROUNDBRACKET  shift 68
	PLUS  reduce 45
	MINUS  reduce 45
	TIMES  reduce 45
	DIVIDE  reduce 45
	MOD  reduce 45
	SEMICOLUMN  reduce 45
	SEQUENCE  reduce 45
	COLUMN  reduce 45
	DOT  reduce 45
	GREATER  reduce 45
	GREATEREQUAL  reduce 45
	SMALLER  reduce 45
	SMALLEREQUAL  reduce 45
	EQUAL  reduce 45
	NOTEQUAL  reduce 45
	AND  reduce 45
	OR  reduce 45
	WEIGHTED  reduce 45
	RIGHTBRACKET  reduce 45
	RIGHTCURLYBRACKET  reduce 45
	RIGHTROUNDBRACKET  reduce 45


state 27
	literals : INT_LITERAL .  (82)

	.  reduce 82


state 28
	literals : STRING_LITERAL .  (84)

	.  reduce 84


state 29
	literals : FLOAT_LITERAL .  (83)

	.  reduce 83


state 30
	literals : BOOL_LITERAL .  (85)

	.  reduce 85


state 31
	stmt_list : stmt_list stmt .  (3)

	.  reduce 3


state 32
	stmt : expr . SEMICOLUMN  (4)
	expr : expr . DOT ID LEFTROUNDBRACKET list RIGHTROUNDBRACKET  (55)
	arith_ops : expr . PLUS expr  (67)
	arith_ops : expr . MINUS expr  (68)
	arith_ops : expr . TIMES expr  (69)
	arith_ops : expr . DIVIDE expr  (70)
	arith_ops : expr . EQUAL expr  (71)
	arith_ops : expr . NOTEQUAL expr  (72)
	arith_ops : expr . SMALLER expr  (73)
	arith_ops : expr . SMALLEREQUAL expr  (74)
	arith_ops : expr . GREATER expr  (75)
	arith_ops : expr . GREATEREQUAL expr  (76)
	arith_ops : expr . AND expr  (77)
	arith_ops : expr . MOD expr  (78)
	arith_ops : expr . OR expr  (79)

	PLUS  shift 69
	MINUS  shift 70
	TIMES  shift 71
	DIVIDE  shift 72
	MOD  shift 73
	SEMICOLUMN  shift 74
	DOT  shift 75
	GREATER  shift 76
	GREATEREQUAL  shift 77
	SMALLER  shift 78
	SMALLEREQUAL  shift 79
	EQUAL  shift 80
	NOTEQUAL  shift 81
	AND  shift 82
	OR  shift 83
	.  error


state 33
	stmt : func_decl .  (5)

	.  reduce 5


state 34
	stmt : var_decl . SEMICOLUMN  (12)

	SEMICOLUMN  shift 84
	.  error


state 35
	var_decl : var_type . ID  (13)
	var_decl : var_type . ID ASSIGN expr  (14)
	func_decl : var_type . ID LEFTROUNDBRACKET formal_list RIGHTROUNDBRACKET LEFTCURLYBRACKET stmt_list RIGHTCURLYBRACKET  (38)

	ID  shift 85
	.  error


state 36
	expr : literals .  (41)

	.  reduce 41


state 37
	expr : arith_ops .  (43)

	.  reduce 43


state 38
	expr : INT . LEFTROUNDBRACKET list RIGHTROUNDBRACKET  (51)

	LEFTROUNDBRACKET  shift 54
	.  error


state 39
	expr : FLOAT . LEFTROUNDBRACKET list RIGHTROUNDBRACKET  (52)

	LEFTROUNDBRACKET  shift 55
	.  error


state 40
	expr : STRING . LEFTROUNDBRACKET list RIGHTROUNDBRACKET  (54)

	LEFTROUNDBRACKET  shift 56
	.  error


state 41
	expr : BOOL . LEFTROUNDBRACKET list RIGHTROUNDBRACKET  (53)

	LEFTROUNDBRACKET  shift 57
	.  error


state 42
	expr : NODE . LEFTROUNDBRACKET expr RIGHTROUNDBRACKET  (44)

	LEFTROUNDBRACKET  shift 58
	.  error


state 43
	expr : NULL .  (42)

	.  reduce 42


state 44
	expr : expr . DOT ID LEFTROUNDBRACKET list RIGHTROUNDBRACKET  (55)
	arith_ops : expr . PLUS expr  (67)
	arith_ops : expr . MINUS expr  (68)
	arith_ops : expr . TIMES expr  (69)
	arith_ops : expr . DIVIDE expr  (70)
	arith_ops : expr . EQUAL expr  (71)
	arith_ops : expr . NOTEQUAL expr  (72)
	arith_ops : expr . SMALLER expr  (73)
	arith_ops : expr . SMALLEREQUAL expr  (74)
	arith_ops : expr . GREATER expr  (75)
	arith_ops : expr . GREATEREQUAL expr  (76)
	arith_ops : expr . AND expr  (77)
	arith_ops : expr . MOD expr  (78)
	arith_ops : expr . OR expr  (79)
	arith_ops : MINUS expr .  (81)

	TIMES  shift 71
	DIVIDE  shift 72
	MOD  shift 73
	DOT  shift 75
	PLUS  reduce 81
	MINUS  reduce 81
	SEMICOLUMN  reduce 81
	SEQUENCE  reduce 81
	COLUMN  reduce 81
	GREATER  reduce 81
	GREATEREQUAL  reduce 81
	SMALLER  reduce 81
	SMALLEREQUAL  reduce 81
	EQUAL  reduce 81
	NOTEQUAL  reduce 81
	AND  reduce 81
	OR  reduce 81
	WEIGHTED  reduce 81
	RIGHTBRACKET  reduce 81
	RIGHTCURLYBRACKET  reduce 81
	RIGHTROUNDBRACKET  reduce 81


state 45
	edgeAssign : ID . COLUMN expr WEIGHTED ID  (60)

	COLUMN  shift 86
	.  error


state 46
	expr : SPLIT splits . SPLIT  (56)
	splits : splits . SEQUENCE edgeAssign  (62)

	SEQUENCE  shift 87
	SPLIT  shift 88
	.  error


state 47
	splits : edgeAssign .  (61)

	.  reduce 61


state 48
	expr : expr . DOT ID LEFTROUNDBRACKET list RIGHTROUNDBRACKET  (55)
	arith_ops : expr . PLUS expr  (67)
	arith_ops : expr . MINUS expr  (68)
	arith_ops : expr . TIMES expr  (69)
	arith_ops : expr . DIVIDE expr  (70)
	arith_ops : expr . EQUAL expr  (71)
	arith_ops : expr . NOTEQUAL expr  (72)
	arith_ops : expr . SMALLER expr  (73)
	arith_ops : expr . SMALLEREQUAL expr  (74)
	arith_ops : expr . GREATER expr  (75)
	arith_ops : expr . GREATEREQUAL expr  (76)
	arith_ops : expr . AND expr  (77)
	arith_ops : expr . MOD expr  (78)
	arith_ops : expr . OR expr  (79)
	arith_ops : NOT expr .  (80)

	DOT  shift 75
	PLUS  reduce 80
	MINUS  reduce 80
	TIMES  reduce 80
	DIVIDE  reduce 80
	MOD  reduce 80
	SEMICOLUMN  reduce 80
	SEQUENCE  reduce 80
	COLUMN  reduce 80
	GREATER  reduce 80
	GREATEREQUAL  reduce 80
	SMALLER  reduce 80
	SMALLEREQUAL  reduce 80
	EQUAL  reduce 80
	NOTEQUAL  reduce 80
	AND  reduce 80
	OR  reduce 80
	WEIGHTED  reduce 80
	RIGHTBRACKET  reduce 80
	RIGHTCURLYBRACKET  reduce 80
	RIGHTROUNDBRACKET  reduce 80


state 49
	stmt : IF LEFTROUNDBRACKET . expr RIGHTROUNDBRACKET LEFTCURLYBRACKET stmt_list RIGHTCURLYBRACKET ELSE LEFTCURLYBRACKET stmt_list RIGHTCURLYBRACKET  (9)
	stmt : IF LEFTROUNDBRACKET . expr RIGHTROUNDBRACKET LEFTCURLYBRACKET stmt_list RIGHTCURLYBRACKET  (10)

	MINUS  shift 5
	SPLIT  shift 6
	NOT  shift 7
	INT  shift 38
	FLOAT  shift 39
	STRING  shift 40
	BOOL  shift 41
	NODE  shift 42
	NULL  shift 43
	LEFTBRACKET  shift 22
	LEFTCURLYBRACKET  shift 23
	LEFTROUNDBRACKET  shift 24
	ID  shift 26
	INT_LITERAL  shift 27
	STRING_LITERAL  shift 28
	FLOAT_LITERAL  shift 29
	BOOL_LITERAL  shift 30
	.  error

	expr  goto 89
	literals  goto 36
	arith_ops  goto 37


state 50
	stmt : FOR LEFTROUNDBRACKET . for_expr SEMICOLUMN expr SEMICOLUMN for_expr RIGHTROUNDBRACKET LEFTCURLYBRACKET stmt_list RIGHTCURLYBRACKET  (8)
	for_expr : .  (39)

	MINUS  shift 5
	SPLIT  shift 6
	NOT  shift 7
	INT  shift 38
	FLOAT  shift 39
	STRING  shift 40
	BOOL  shift 41
	NODE  shift 42
	NULL  shift 43
	LEFTBRACKET  shift 22
	LEFTCURLYBRACKET  shift 23
	LEFTROUNDBRACKET  shift 24
	ID  shift 26
	INT_LITERAL  shift 27
	STRING_LITERAL  shift 28
	FLOAT_LITERAL  shift 29
	BOOL_LITERAL  shift 30
	SEMICOLUMN  reduce 39

	expr  goto 90
	for_expr  goto 91
	literals  goto 36
	arith_ops  goto 37


state 51
	stmt : WHILE LEFTROUNDBRACKET . expr RIGHTROUNDBRACKET LEFTCURLYBRACKET stmt_list RIGHTCURLYBRACKET  (11)

	MINUS  shift 5
	SPLIT  shift 6
	NOT  shift 7
	INT  shift 38
	FLOAT  shift 39
	STRING  shift 40
	BOOL  shift 41
	NODE  shift 42
	NULL  shift 43
	LEFTBRACKET  shift 22
	LEFTCURLYBRACKET  shift 23
	LEFTROUNDBRACKET  shift 24
	ID  shift 26
	INT_LITERAL  shift 27
	STRING_LITERAL  shift 28
	FLOAT_LITERAL  shift 29
	BOOL_LITERAL  shift 30
	.  error

	expr  goto 92
	literals  goto 36
	arith_ops  goto 37


state 52
	stmt : RETURN SEMICOLUMN .  (6)

	.  reduce 6


state 53
	stmt : RETURN expr . SEMICOLUMN  (7)
	expr : expr . DOT ID LEFTROUNDBRACKET list RIGHTROUNDBRACKET  (55)
	arith_ops : expr . PLUS expr  (67)
	arith_ops : expr . MINUS expr  (68)
	arith_ops : expr . TIMES expr  (69)
	arith_ops : expr . DIVIDE expr  (70)
	arith_ops : expr . EQUAL expr  (71)
	arith_ops : expr . NOTEQUAL expr  (72)
	arith_ops : expr . SMALLER expr  (73)
	arith_ops : expr . SMALLEREQUAL expr  (74)
	arith_ops : expr . GREATER expr  (75)
	arith_ops : expr . GREATEREQUAL expr  (76)
	arith_ops : expr . AND expr  (77)
	arith_ops : expr . MOD expr  (78)
	arith_ops : expr . OR expr  (79)

	PLUS  shift 69
	MINUS  shift 70
	TIMES  shift 71
	DIVIDE  shift 72
	MOD  shift 73
	SEMICOLUMN  shift 93
	DOT  shift 75
	GREATER  shift 76
	GREATEREQUAL  shift 77
	SMALLER  shift 78
	SMALLEREQUAL  shift 79
	EQUAL  shift 80
	NOTEQUAL  shift 81
	AND  shift 82
	OR  shift 83
	.  error


state 54
	expr : INT LEFTROUNDBRACKET . list RIGHTROUNDBRACKET  (51)
	list : .  (57)

	MINUS  shift 5
	SPLIT  shift 6
	NOT  shift 7
	INT  shift 38
	FLOAT  shift 39
	STRING  shift 40
	BOOL  shift 41
	NODE  shift 42
	NULL  shift 43
	LEFTBRACKET  shift 22
	LEFTCURLYBRACKET  shift 23
	LEFTROUNDBRACKET  shift 24
	ID  shift 26
	INT_LITERAL  shift 27
	STRING_LITERAL  shift 28
	FLOAT_LITERAL  shift 29
	BOOL_LITERAL  shift 30
	SEQUENCE  reduce 57
	RIGHTROUNDBRACKET  reduce 57

	expr  goto 61
	literals  goto 36
	arith_ops  goto 37
	list  goto 94


state 55
	expr : FLOAT LEFTROUNDBRACKET . list RIGHTROUNDBRACKET  (52)
	list : .  (57)

	MINUS  shift 5
	SPLIT  shift 6
	NOT  shift 7
	INT  shift 38
	FLOAT  shift 39
	STRING  shift 40
	BOOL  shift 41
	NODE  shift 42
	NULL  shift 43
	LEFTBRACKET  shift 22
	LEFTCURLYBRACKET  shift 23
	LEFTROUNDBRACKET  shift 24
	ID  shift 26
	INT_LITERAL  shift 27
	STRING_LITERAL  shift 28
	FLOAT_LITERAL  shift 29
	BOOL_LITERAL  shift 30
	SEQUENCE  reduce 57
	RIGHTROUNDBRACKET  reduce 57

	expr  goto 61
	literals  goto 36
	arith_ops  goto 37
	list  goto 95


state 56
	expr : STRING LEFTROUNDBRACKET . list RIGHTROUNDBRACKET  (54)
	list : .  (57)

	MINUS  shift 5
	SPLIT  shift 6
	NOT  shift 7
	INT  shift 38
	FLOAT  shift 39
	STRING  shift 40
	BOOL  shift 41
	NODE  shift 42
	NULL  shift 43
	LEFTBRACKET  shift 22
	LEFTCURLYBRACKET  shift 23
	LEFTROUNDBRACKET  shift 24
	ID  shift 26
	INT_LITERAL  shift 27
	STRING_LITERAL  shift 28
	FLOAT_LITERAL  shift 29
	BOOL_LITERAL  shift 30
	SEQUENCE  reduce 57
	RIGHTROUNDBRACKET  reduce 57

	expr  goto 61
	literals  goto 36
	arith_ops  goto 37
	list  goto 96


state 57
	expr : BOOL LEFTROUNDBRACKET . list RIGHTROUNDBRACKET  (53)
	list : .  (57)

	MINUS  shift 5
	SPLIT  shift 6
	NOT  shift 7
	INT  shift 38
	FLOAT  shift 39
	STRING  shift 40
	BOOL  shift 41
	NODE  shift 42
	NULL  shift 43
	LEFTBRACKET  shift 22
	LEFTCURLYBRACKET  shift 23
	LEFTROUNDBRACKET  shift 24
	ID  shift 26
	INT_LITERAL  shift 27
	STRING_LITERAL  shift 28
	FLOAT_LITERAL  shift 29
	BOOL_LITERAL  shift 30
	SEQUENCE  reduce 57
	RIGHTROUNDBRACKET  reduce 57

	expr  goto 61
	literals  goto 36
	arith_ops  goto 37
	list  goto 97


state 58
	expr : NODE LEFTROUNDBRACKET . expr RIGHTROUNDBRACKET  (44)

	MINUS  shift 5
	SPLIT  shift 6
	NOT  shift 7
	INT  shift 38
	FLOAT  shift 39
	STRING  shift 40
	BOOL  shift 41
	NODE  shift 42
	NULL  shift 43
	LEFTBRACKET  shift 22
	LEFTCURLYBRACKET  shift 23
	LEFTROUNDBRACKET  shift 24
	ID  shift 26
	INT_LITERAL  shift 27
	STRING_LITERAL  shift 28
	FLOAT_LITERAL  shift 29
	BOOL_LITERAL  shift 30
	.  error

	expr  goto 98
	literals  goto 36
	arith_ops  goto 37


state 59
	var_type : LIST SMALLER . INT GREATER  (28)
	var_type : LIST SMALLER . FLOAT GREATER  (29)
	var_type : LIST SMALLER . STRING GREATER  (30)
	var_type : LIST SMALLER . BOOL GREATER  (31)
	var_type : LIST SMALLER . NODE GREATER  (32)
	var_type : LIST SMALLER . GRAPH GREATER  (33)

	INT  shift 99
	FLOAT  shift 100
	STRING  shift 101
	BOOL  shift 102
	NODE  shift 103
	GRAPH  shift 104
	.  error


state 60
	var_type : DICT SMALLER . INT GREATER  (23)
	var_type : DICT SMALLER . FLOAT GREATER  (24)
	var_type : DICT SMALLER . STRING GREATER  (25)
	var_type : DICT SMALLER . NODE GREATER  (26)
	var_type : DICT SMALLER . GRAPH GREATER  (27)

	INT  shift 105
	FLOAT  shift 106
	STRING  shift 107
	NODE  shift 108
	GRAPH  shift 109
	.  error


state 61
	expr : expr . DOT ID LEFTROUNDBRACKET list RIGHTROUNDBRACKET  (55)
	list : expr .  (58)
	arith_ops : expr . PLUS expr  (67)
	arith_ops : expr . MINUS expr  (68)
	arith_ops : expr . TIMES expr  (69)
	arith_ops : expr . DIVIDE expr  (70)
	arith_ops : expr . EQUAL expr  (71)
	arith_ops : expr . NOTEQUAL expr  (72)
	arith_ops : expr . SMALLER expr  (73)
	arith_ops : expr . SMALLEREQUAL expr  (74)
	arith_ops : expr . GREATER expr  (75)
	arith_ops : expr . GREATEREQUAL expr  (76)
	arith_ops : expr . AND expr  (77)
	arith_ops : expr . MOD expr  (78)
	arith_ops : expr . OR expr  (79)

	PLUS  shift 69
	MINUS  shift 70
	TIMES  shift 71
	DIVIDE  shift 72
	MOD  shift 73
	DOT  shift 75
	GREATER  shift 76
	GREATEREQUAL  shift 77
	SMALLER  shift 78
	SMALLEREQUAL  shift 79
	EQUAL  shift 80
	NOTEQUAL  shift 81
	AND  shift 82
	OR  shift 83
	SEQUENCE  reduce 58
	RIGHTBRACKET  reduce 58
	RIGHTROUNDBRACKET  reduce 58


state 62
	expr : LEFTBRACKET list . RIGHTBRACKET  (47)
	list : list . SEQUENCE expr  (59)

	SEQUENCE  shift 110
	RIGHTBRACKET  shift 111
	.  error


state 63
	expr : expr . DOT ID LEFTROUNDBRACKET list RIGHTROUNDBRACKET  (55)
	dict_key_value : expr . COLUMN expr  (63)
	arith_ops : expr . PLUS expr  (67)
	arith_ops : expr . MINUS expr  (68)
	arith_ops : expr . TIMES expr  (69)
	arith_ops : expr . DIVIDE expr  (70)
	arith_ops : expr . EQUAL expr  (71)
	arith_ops : expr . NOTEQUAL expr  (72)
	arith_ops : expr . SMALLER expr  (73)
	arith_ops : expr . SMALLEREQUAL expr  (74)
	arith_ops : expr . GREATER expr  (75)
	arith_ops : expr . GREATEREQUAL expr  (76)
	arith_ops : expr . AND expr  (77)
	arith_ops : expr . MOD expr  (78)
	arith_ops : expr . OR expr  (79)

	PLUS  shift 69
	MINUS  shift 70
	TIMES  shift 71
	DIVIDE  shift 72
	MOD  shift 73
	COLUMN  shift 112
	DOT  shift 75
	GREATER  shift 76
	GREATEREQUAL  shift 77
	SMALLER  shift 78
	SMALLEREQUAL  shift 79
	EQUAL  shift 80
	NOTEQUAL  shift 81
	AND  shift 82
	OR  shift 83
	.  error


state 64
	expr : LEFTCURLYBRACKET dict . RIGHTCURLYBRACKET  (48)
	dict : dict . SEQUENCE dict_key_value  (66)

	SEQUENCE  shift 113
	RIGHTCURLYBRACKET  shift 114
	.  error


state 65
	dict : dict_key_value .  (65)

	.  reduce 65


state 66
	expr : LEFTROUNDBRACKET expr . RIGHTROUNDBRACKET  (49)
	expr : expr . DOT ID LEFTROUNDBRACKET list RIGHTROUNDBRACKET  (55)
	arith_ops : expr . PLUS expr  (67)
	arith_ops : expr . MINUS expr  (68)
	arith_ops : expr . TIMES expr  (69)
	arith_ops : expr . DIVIDE expr  (70)
	arith_ops : expr . EQUAL expr  (71)
	arith_ops : expr . NOTEQUAL expr  (72)
	arith_ops : expr . SMALLER expr  (73)
	arith_ops : expr . SMALLEREQUAL expr  (74)
	arith_ops : expr . GREATER expr  (75)
	arith_ops : expr . GREATEREQUAL expr  (76)
	arith_ops : expr . AND expr  (77)
	arith_ops : expr . MOD expr  (78)
	arith_ops : expr . OR expr  (79)

	PLUS  shift 69
	MINUS  shift 70
	TIMES  shift 71
	DIVIDE  shift 72
	MOD  shift 73
	DOT  shift 75
	GREATER  shift 76
	GREATEREQUAL  shift 77
	SMALLER  shift 78
	SMALLEREQUAL  shift 79
	EQUAL  shift 80
	NOTEQUAL  shift 81
	AND  shift 82
	OR  shift 83
	RIGHTROUNDBRACKET  shift 115
	.  error


state 67
	expr : ID ASSIGN . expr  (46)

	MINUS  shift 5
	SPLIT  shift 6
	NOT  shift 7
	INT  shift 38
	FLOAT  shift 39
	STRING  shift 40
	BOOL  shift 41
	NODE  shift 42
	NULL  shift 43
	LEFTBRACKET  shift 22
	LEFTCURLYBRACKET  shift 23
	LEFTROUNDBRACKET  shift 24
	ID  shift 26
	INT_LITERAL  shift 27
	STRING_LITERAL  shift 28
	FLOAT_LITERAL  shift 29
	BOOL_LITERAL  shift 30
	.  error

	expr  goto 116
	literals  goto 36
	arith_ops  goto 37


state 68
	expr : ID LEFTROUNDBRACKET . list RIGHTROUNDBRACKET  (50)
	list : .  (57)

	MINUS  shift 5
	SPLIT  shift 6
	NOT  shift 7
	INT  shift 38
	FLOAT  shift 39
	STRING  shift 40
	BOOL  shift 41
	NODE  shift 42
	NULL  shift 43
	LEFTBRACKET  shift 22
	LEFTCURLYBRACKET  shift 23
	LEFTROUNDBRACKET  shift 24
	ID  shift 26
	INT_LITERAL  shift 27
	STRING_LITERAL  shift 28
	FLOAT_LITERAL  shift 29
	BOOL_LITERAL  shift 30
	SEQUENCE  reduce 57
	RIGHTROUNDBRACKET  reduce 57

	expr  goto 61
	literals  goto 36
	arith_ops  goto 37
	list  goto 117


state 69
	arith_ops : expr PLUS . expr  (67)

	MINUS  shift 5
	SPLIT  shift 6
	NOT  shift 7
	INT  shift 38
	FLOAT  shift 39
	STRING  shift 40
	BOOL  shift 41
	NODE  shift 42
	NULL  shift 43
	LEFTBRACKET  shift 22
	LEFTCURLYBRACKET  shift 23
	LEFTROUNDBRACKET  shift 24
	ID  shift 26
	INT_LITERAL  shift 27
	STRING_LITERAL  shift 28
	FLOAT_LITERAL  shift 29
	BOOL_LITERAL  shift 30
	.  error

	expr  goto 118
	literals  goto 36
	arith_ops  goto 37


state 70
	arith_ops : expr MINUS . expr  (68)

	MINUS  shift 5
	SPLIT  shift 6
	NOT  shift 7
	INT  shift 38
	FLOAT  shift 39
	STRING  shift 40
	BOOL  shift 41
	NODE  shift 42
	NULL  shift 43
	LEFTBRACKET  shift 22
	LEFTCURLYBRACKET  shift 23
	LEFTROUNDBRACKET  shift 24
	ID  shift 26
	INT_LITERAL  shift 27
	STRING_LITERAL  shift 28
	FLOAT_LITERAL  shift 29
	BOOL_LITERAL  shift 30
	.  error

	expr  goto 119
	literals  goto 36
	arith_ops  goto 37


state 71
	arith_ops : expr TIMES . expr  (69)

	MINUS  shift 5
	SPLIT  shift 6
	NOT  shift 7
	INT  shift 38
	FLOAT  shift 39
	STRING  shift 40
	BOOL  shift 41
	NODE  shift 42
	NULL  shift 43
	LEFTBRACKET  shift 22
	LEFTCURLYBRACKET  shift 23
	LEFTROUNDBRACKET  shift 24
	ID  shift 26
	INT_LITERAL  shift 27
	STRING_LITERAL  shift 28
	FLOAT_LITERAL  shift 29
	BOOL_LITERAL  shift 30
	.  error

	expr  goto 120
	literals  goto 36
	arith_ops  goto 37


state 72
	arith_ops : expr DIVIDE . expr  (70)

	MINUS  shift 5
	SPLIT  shift 6
	NOT  shift 7
	INT  shift 38
	FLOAT  shift 39
	STRING  shift 40
	BOOL  shift 41
	NODE  shift 42
	NULL  shift 43
	LEFTBRACKET  shift 22
	LEFTCURLYBRACKET  shift 23
	LEFTROUNDBRACKET  shift 24
	ID  shift 26
	INT_LITERAL  shift 27
	STRING_LITERAL  shift 28
	FLOAT_LITERAL  shift 29
	BOOL_LITERAL  shift 30
	.  error

	expr  goto 121
	literals  goto 36
	arith_ops  goto 37


state 73
	arith_ops : expr MOD . expr  (78)

	MINUS  shift 5
	SPLIT  shift 6
	NOT  shift 7
	INT  shift 38
	FLOAT  shift 39
	STRING  shift 40
	BOOL  shift 41
	NODE  shift 42
	NULL  shift 43
	LEFTBRACKET  shift 22
	LEFTCURLYBRACKET  shift 23
	LEFTROUNDBRACKET  shift 24
	ID  shift 26
	INT_LITERAL  shift 27
	STRING_LITERAL  shift 28
	FLOAT_LITERAL  shift 29
	BOOL_LITERAL  shift 30
	.  error

	expr  goto 122
	literals  goto 36
	arith_ops  goto 37


state 74
	stmt : expr SEMICOLUMN .  (4)

	.  reduce 4


state 75
	expr : expr DOT . ID LEFTROUNDBRACKET list RIGHTROUNDBRACKET  (55)

	ID  shift 123
	.  error


state 76
	arith_ops : expr GREATER . expr  (75)

	MINUS  shift 5
	SPLIT  shift 6
	NOT  shift 7
	INT  shift 38
	FLOAT  shift 39
	STRING  shift 40
	BOOL  shift 41
	NODE  shift 42
	NULL  shift 43
	LEFTBRACKET  shift 22
	LEFTCURLYBRACKET  shift 23
	LEFTROUNDBRACKET  shift 24
	ID  shift 26
	INT_LITERAL  shift 27
	STRING_LITERAL  shift 28
	FLOAT_LITERAL  shift 29
	BOOL_LITERAL  shift 30
	.  error

	expr  goto 124
	literals  goto 36
	arith_ops  goto 37


state 77
	arith_ops : expr GREATEREQUAL . expr  (76)

	MINUS  shift 5
	SPLIT  shift 6
	NOT  shift 7
	INT  shift 38
	FLOAT  shift 39
	STRING  shift 40
	BOOL  shift 41
	NODE  shift 42
	NULL  shift 43
	LEFTBRACKET  shift 22
	LEFTCURLYBRACKET  shift 23
	LEFTROUNDBRACKET  shift 24
	ID  shift 26
	INT_LITERAL  shift 27
	STRING_LITERAL  shift 28
	FLOAT_LITERAL  shift 29
	BOOL_LITERAL  shift 30
	.  error

	expr  goto 125
	literals  goto 36
	arith_ops  goto 37


state 78
	arith_ops : expr SMALLER . expr  (73)

	MINUS  shift 5
	SPLIT  shift 6
	NOT  shift 7
	INT  shift 38
	FLOAT  shift 39
	STRING  shift 40
	BOOL  shift 41
	NODE  shift 42
	NULL  shift 43
	LEFTBRACKET  shift 22
	LEFTCURLYBRACKET  shift 23
	LEFTROUNDBRACKET  shift 24
	ID  shift 26
	INT_LITERAL  shift 27
	STRING_LITERAL  shift 28
	FLOAT_LITERAL  shift 29
	BOOL_LITERAL  shift 30
	.  error

	expr  goto 126
	literals  goto 36
	arith_ops  goto 37


state 79
	arith_ops : expr SMALLEREQUAL . expr  (74)

	MINUS  shift 5
	SPLIT  shift 6
	NOT  shift 7
	INT  shift 38
	FLOAT  shift 39
	STRING  shift 40
	BOOL  shift 41
	NODE  shift 42
	NULL  shift 43
	LEFTBRACKET  shift 22
	LEFTCURLYBRACKET  shift 23
	LEFTROUNDBRACKET  shift 24
	ID  shift 26
	INT_LITERAL  shift 27
	STRING_LITERAL  shift 28
	FLOAT_LITERAL  shift 29
	BOOL_LITERAL  shift 30
	.  error

	expr  goto 127
	literals  goto 36
	arith_ops  goto 37


state 80
	arith_ops : expr EQUAL . expr  (71)

	MINUS  shift 5
	SPLIT  shift 6
	NOT  shift 7
	INT  shift 38
	FLOAT  shift 39
	STRING  shift 40
	BOOL  shift 41
	NODE  shift 42
	NULL  shift 43
	LEFTBRACKET  shift 22
	LEFTCURLYBRACKET  shift 23
	LEFTROUNDBRACKET  shift 24
	ID  shift 26
	INT_LITERAL  shift 27
	STRING_LITERAL  shift 28
	FLOAT_LITERAL  shift 29
	BOOL_LITERAL  shift 30
	.  error

	expr  goto 128
	literals  goto 36
	arith_ops  goto 37


state 81
	arith_ops : expr NOTEQUAL . expr  (72)

	MINUS  shift 5
	SPLIT  shift 6
	NOT  shift 7
	INT  shift 38
	FLOAT  shift 39
	STRING  shift 40
	BOOL  shift 41
	NODE  shift 42
	NULL  shift 43
	LEFTBRACKET  shift 22
	LEFTCURLYBRACKET  shift 23
	LEFTROUNDBRACKET  shift 24
	ID  shift 26
	INT_LITERAL  shift 27
	STRING_LITERAL  shift 28
	FLOAT_LITERAL  shift 29
	BOOL_LITERAL  shift 30
	.  error

	expr  goto 129
	literals  goto 36
	arith_ops  goto 37


state 82
	arith_ops : expr AND . expr  (77)

	MINUS  shift 5
	SPLIT  shift 6
	NOT  shift 7
	INT  shift 38
	FLOAT  shift 39
	STRING  shift 40
	BOOL  shift 41
	NODE  shift 42
	NULL  shift 43
	LEFTBRACKET  shift 22
	LEFTCURLYBRACKET  shift 23
	LEFTROUNDBRACKET  shift 24
	ID  shift 26
	INT_LITERAL  shift 27
	STRING_LITERAL  shift 28
	FLOAT_LITERAL  shift 29
	BOOL_LITERAL  shift 30
	.  error

	expr  goto 130
	literals  goto 36
	arith_ops  goto 37


state 83
	arith_ops : expr OR . expr  (79)

	MINUS  shift 5
	SPLIT  shift 6
	NOT  shift 7
	INT  shift 38
	FLOAT  shift 39
	STRING  shift 40
	BOOL  shift 41
	NODE  shift 42
	NULL  shift 43
	LEFTBRACKET  shift 22
	LEFTCURLYBRACKET  shift 23
	LEFTROUNDBRACKET  shift 24
	ID  shift 26
	INT_LITERAL  shift 27
	STRING_LITERAL  shift 28
	FLOAT_LITERAL  shift 29
	BOOL_LITERAL  shift 30
	.  error

	expr  goto 131
	literals  goto 36
	arith_ops  goto 37


state 84
	stmt : var_decl SEMICOLUMN .  (12)

	.  reduce 12


state 85
	var_decl : var_type ID .  (13)
	var_decl : var_type ID . ASSIGN expr  (14)
	func_decl : var_type ID . LEFTROUNDBRACKET formal_list RIGHTROUNDBRACKET LEFTCURLYBRACKET stmt_list RIGHTCURLYBRACKET  (38)

	ASSIGN  shift 132
	LEFTROUNDBRACKET  shift 133
	SEMICOLUMN  reduce 13


state 86
	edgeAssign : ID COLUMN . expr WEIGHTED ID  (60)

	MINUS  shift 5
	SPLIT  shift 6
	NOT  shift 7
	INT  shift 38
	FLOAT  shift 39
	STRING  shift 40
	BOOL  shift 41
	NODE  shift 42
	NULL  shift 43
	LEFTBRACKET  shift 22
	LEFTCURLYBRACKET  shift 23
	LEFTROUNDBRACKET  shift 24
	ID  shift 26
	INT_LITERAL  shift 27
	STRING_LITERAL  shift 28
	FLOAT_LITERAL  shift 29
	BOOL_LITERAL  shift 30
	.  error

	expr  goto 134
	literals  goto 36
	arith_ops  goto 37


state 87
	splits : splits SEQUENCE . edgeAssign  (62)

	ID  shift 45
	.  error

	edgeAssign  goto 135


state 88
	expr : SPLIT splits SPLIT .  (56)

	.  reduce 56


state 89
	stmt : IF LEFTROUNDBRACKET expr . RIGHTROUNDBRACKET LEFTCURLYBRACKET stmt_list RIGHTCURLYBRACKET ELSE LEFTCURLYBRACKET stmt_list RIGHTCURLYBRACKET  (9)
	stmt : IF LEFTROUNDBRACKET expr . RIGHTROUNDBRACKET LEFTCURLYBRACKET stmt_list RIGHTCURLYBRACKET  (10)
	expr : expr . DOT ID LEFTROUNDBRACKET list RIGHTROUNDBRACKET  (55)
	arith_ops : expr . PLUS expr  (67)
	arith_ops : expr . MINUS expr  (68)
	arith_ops : expr . TIMES expr  (69)
	arith_ops : expr . DIVIDE expr  (70)
	arith_ops : expr . EQUAL expr  (71)
	arith_ops : expr . NOTEQUAL expr  (72)
	arith_ops : expr . SMALLER expr  (73)
	arith_ops : expr . SMALLEREQUAL expr  (74)
	arith_ops : expr . GREATER expr  (75)
	arith_ops : expr . GREATEREQUAL expr  (76)
	arith_ops : expr . AND expr  (77)
	arith_ops : expr . MOD expr  (78)
	arith_ops : expr . OR expr  (79)

	PLUS  shift 69
	MINUS  shift 70
	TIMES  shift 71
	DIVIDE  shift 72
	MOD  shift 73
	DOT  shift 75
	GREATER  shift 76
	GREATEREQUAL  shift 77
	SMALLER  shift 78
	SMALLEREQUAL  shift 79
	EQUAL  shift 80
	NOTEQUAL  shift 81
	AND  shift 82
	OR  shift 83
	RIGHTROUNDBRACKET  shift 136
	.  error


state 90
	for_expr : expr .  (40)
	expr : expr . DOT ID LEFTROUNDBRACKET list RIGHTROUNDBRACKET  (55)
	arith_ops : expr . PLUS expr  (67)
	arith_ops : expr . MINUS expr  (68)
	arith_ops : expr . TIMES expr  (69)
	arith_ops : expr . DIVIDE expr  (70)
	arith_ops : expr . EQUAL expr  (71)
	arith_ops : expr . NOTEQUAL expr  (72)
	arith_ops : expr . SMALLER expr  (73)
	arith_ops : expr . SMALLEREQUAL expr  (74)
	arith_ops : expr . GREATER expr  (75)
	arith_ops : expr . GREATEREQUAL expr  (76)
	arith_ops : expr . AND expr  (77)
	arith_ops : expr . MOD expr  (78)
	arith_ops : expr . OR expr  (79)

	PLUS  shift 69
	MINUS  shift 70
	TIMES  shift 71
	DIVIDE  shift 72
	MOD  shift 73
	DOT  shift 75
	GREATER  shift 76
	GREATEREQUAL  shift 77
	SMALLER  shift 78
	SMALLEREQUAL  shift 79
	EQUAL  shift 80
	NOTEQUAL  shift 81
	AND  shift 82
	OR  shift 83
	SEMICOLUMN  reduce 40
	RIGHTROUNDBRACKET  reduce 40


state 91
	stmt : FOR LEFTROUNDBRACKET for_expr . SEMICOLUMN expr SEMICOLUMN for_expr RIGHTROUNDBRACKET LEFTCURLYBRACKET stmt_list RIGHTCURLYBRACKET  (8)

	SEMICOLUMN  shift 137
	.  error


state 92
	stmt : WHILE LEFTROUNDBRACKET expr . RIGHTROUNDBRACKET LEFTCURLYBRACKET stmt_list RIGHTCURLYBRACKET  (11)
	expr : expr . DOT ID LEFTROUNDBRACKET list RIGHTROUNDBRACKET  (55)
	arith_ops : expr . PLUS expr  (67)
	arith_ops : expr . MINUS expr  (68)
	arith_ops : expr . TIMES expr  (69)
	arith_ops : expr . DIVIDE expr  (70)
	arith_ops : expr . EQUAL expr  (71)
	arith_ops : expr . NOTEQUAL expr  (72)
	arith_ops : expr . SMALLER expr  (73)
	arith_ops : expr . SMALLEREQUAL expr  (74)
	arith_ops : expr . GREATER expr  (75)
	arith_ops : expr . GREATEREQUAL expr  (76)
	arith_ops : expr . AND expr  (77)
	arith_ops : expr . MOD expr  (78)
	arith_ops : expr . OR expr  (79)

	PLUS  shift 69
	MINUS  shift 70
	TIMES  shift 71
	DIVIDE  shift 72
	MOD  shift 73
	DOT  shift 75
	GREATER  shift 76
	GREATEREQUAL  shift 77
	SMALLER  shift 78
	SMALLEREQUAL  shift 79
	EQUAL  shift 80
	NOTEQUAL  shift 81
	AND  shift 82
	OR  shift 83
	RIGHTROUNDBRACKET  shift 138
	.  error


state 93
	stmt : RETURN expr SEMICOLUMN .  (7)

	.  reduce 7


state 94
	expr : INT LEFTROUNDBRACKET list . RIGHTROUNDBRACKET  (51)
	list : list . SEQUENCE expr  (59)

	SEQUENCE  shift 110
	RIGHTROUNDBRACKET  shift 139
	.  error


state 95
	expr : FLOAT LEFTROUNDBRACKET list . RIGHTROUNDBRACKET  (52)
	list : list . SEQUENCE expr  (59)

	SEQUENCE  shift 110
	RIGHTROUNDBRACKET  shift 140
	.  error


state 96
	expr : STRING LEFTROUNDBRACKET list . RIGHTROUNDBRACKET  (54)
	list : list . SEQUENCE expr  (59)

	SEQUENCE  shift 110
	RIGHTROUNDBRACKET  shift 141
	.  error


state 97
	expr : BOOL LEFTROUNDBRACKET list . RIGHTROUNDBRACKET  (53)
	list : list . SEQUENCE expr  (59)

	SEQUENCE  shift 110
	RIGHTROUNDBRACKET  shift 142
	.  error


state 98
	expr : NODE LEFTROUNDBRACKET expr . RIGHTROUNDBRACKET  (44)
	expr : expr . DOT ID LEFTROUNDBRACKET list RIGHTROUNDBRACKET  (55)
	arith_ops : expr . PLUS expr  (67)
	arith_ops : expr . MINUS expr  (68)
	arith_ops : expr . TIMES expr  (69)
	arith_ops : expr . DIVIDE expr  (70)
	arith_ops : expr . EQUAL expr  (71)
	arith_ops : expr . NOTEQUAL expr  (72)
	arith_ops : expr . SMALLER expr  (73)
	arith_ops : expr . SMALLEREQUAL expr  (74)
	arith_ops : expr . GREATER expr  (75)
	arith_ops : expr . GREATEREQUAL expr  (76)
	arith_ops : expr . AND expr  (77)
	arith_ops : expr . MOD expr  (78)
	arith_ops : expr . OR expr  (79)

	PLUS  shift 69
	MINUS  shift 70
	TIMES  shift 71
	DIVIDE  shift 72
	MOD  shift 73
	DOT  shift 75
	GREATER  shift 76
	GREATEREQUAL  shift 77
	SMALLER  shift 78
	SMALLEREQUAL  shift 79
	EQUAL  shift 80
	NOTEQUAL  shift 81
	AND  shift 82
	OR  shift 83
	RIGHTROUNDBRACKET  shift 143
	.  error


state 99
	var_type : LIST SMALLER INT . GREATER  (28)

	GREATER  shift 144
	.  error


state 100
	var_type : LIST SMALLER FLOAT . GREATER  (29)

	GREATER  shift 145
	.  error


state 101
	var_type : LIST SMALLER STRING . GREATER  (30)

	GREATER  shift 146
	.  error


state 102
	var_type : LIST SMALLER BOOL . GREATER  (31)

	GREATER  shift 147
	.  error


state 103
	var_type : LIST SMALLER NODE . GREATER  (32)

	GREATER  shift 148
	.  error


state 104
	var_type : LIST SMALLER GRAPH . GREATER  (33)

	GREATER  shift 149
	.  error


state 105
	var_type : DICT SMALLER INT . GREATER  (23)

	GREATER  shift 150
	.  error


state 106
	var_type : DICT SMALLER FLOAT . GREATER  (24)

	GREATER  shift 151
	.  error


state 107
	var_type : DICT SMALLER STRING . GREATER  (25)

	GREATER  shift 152
	.  error


state 108
	var_type : DICT SMALLER NODE . GREATER  (26)

	GREATER  shift 153
	.  error


state 109
	var_type : DICT SMALLER GRAPH . GREATER  (27)

	GREATER  shift 154
	.  error


state 110
	list : list SEQUENCE . expr  (59)

	MINUS  shift 5
	SPLIT  shift 6
	NOT  shift 7
	INT  shift 38
	FLOAT  shift 39
	STRING  shift 40
	BOOL  shift 41
	NODE  shift 42
	NULL  shift 43
	LEFTBRACKET  shift 22
	LEFTCURLYBRACKET  shift 23
	LEFTROUNDBRACKET  shift 24
	ID  shift 26
	INT_LITERAL  shift 27
	STRING_LITERAL  shift 28
	FLOAT_LITERAL  shift 29
	BOOL_LITERAL  shift 30
	.  error

	expr  goto 155
	literals  goto 36
	arith_ops  goto 37


state 111
	expr : LEFTBRACKET list RIGHTBRACKET .  (47)

	.  reduce 47


state 112
	dict_key_value : expr COLUMN . expr  (63)

	MINUS  shift 5
	SPLIT  shift 6
	NOT  shift 7
	INT  shift 38
	FLOAT  shift 39
	STRING  shift 40
	BOOL  shift 41
	NODE  shift 42
	NULL  shift 43
	LEFTBRACKET  shift 22
	LEFTCURLYBRACKET  shift 23
	LEFTROUNDBRACKET  shift 24
	ID  shift 26
	INT_LITERAL  shift 27
	STRING_LITERAL  shift 28
	FLOAT_LITERAL  shift 29
	BOOL_LITERAL  shift 30
	.  error

	expr  goto 156
	literals  goto 36
	arith_ops  goto 37


state 113
	dict : dict SEQUENCE . dict_key_value  (66)

	MINUS  shift 5
	SPLIT  shift 6
	NOT  shift 7
	INT  shift 38
	FLOAT  shift 39
	STRING  shift 40
	BOOL  shift 41
	NODE  shift 42
	NULL  shift 43
	LEFTBRACKET  shift 22
	LEFTCURLYBRACKET  shift 23
	LEFTROUNDBRACKET  shift 24
	ID  shift 26
	INT_LITERAL  shift 27
	STRING_LITERAL  shift 28
	FLOAT_LITERAL  shift 29
	BOOL_LITERAL  shift 30
	.  error

	expr  goto 63
	literals  goto 36
	arith_ops  goto 37
	dict_key_value  goto 157


state 114
	expr : LEFTCURLYBRACKET dict RIGHTCURLYBRACKET .  (48)

	.  reduce 48


state 115
	expr : LEFTROUNDBRACKET expr RIGHTROUNDBRACKET .  (49)

	.  reduce 49


state 116
	expr : ID ASSIGN expr .  (46)
	expr : expr . DOT ID LEFTROUNDBRACKET list RIGHTROUNDBRACKET  (55)
	arith_ops : expr . PLUS expr  (67)
	arith_ops : expr . MINUS expr  (68)
	arith_ops : expr . TIMES expr  (69)
	arith_ops : expr . DIVIDE expr  (70)
	arith_ops : expr . EQUAL expr  (71)
	arith_ops : expr . NOTEQUAL expr  (72)
	arith_ops : expr . SMALLER expr  (73)
	arith_ops : expr . SMALLEREQUAL expr  (74)
	arith_ops : expr . GREATER expr  (75)
	arith_ops : expr . GREATEREQUAL expr  (76)
	arith_ops : expr . AND expr  (77)
	arith_ops : expr . MOD expr  (78)
	arith_ops : expr . OR expr  (79)

	PLUS  shift 69
	MINUS  shift 70
	TIMES  shift 71
	DIVIDE  shift 72
	MOD  shift 73
	DOT  shift 75
	GREATER  shift 76
	GREATEREQUAL  shift 77
	SMALLER  shift 78
	SMALLEREQUAL  shift 79
	EQUAL  shift 80
	NOTEQUAL  shift 81
	AND  shift 82
	OR  shift 83
	SEMICOLUMN  reduce 46
	SEQUENCE  reduce 46
	COLUMN  reduce 46
	WEIGHTED  reduce 46
	RIGHTBRACKET  reduce 46
	RIGHTCURLYBRACKET  reduce 46
	RIGHTROUNDBRACKET  reduce 46


state 117
	expr : ID LEFTROUNDBRACKET list . RIGHTROUNDBRACKET  (50)
	list : list . SEQUENCE expr  (59)

	SEQUENCE  shift 110
	RIGHTROUNDBRACKET  shift 158
	.  error


state 118
	expr : expr . DOT ID LEFTROUNDBRACKET list RIGHTROUNDBRACKET  (55)
	arith_ops : expr . PLUS expr  (67)
	arith_ops : expr PLUS expr .  (67)
	arith_ops : expr . MINUS expr  (68)
	arith_ops : expr . TIMES expr  (69)
	arith_ops : expr . DIVIDE expr  (70)
	arith_ops : expr . EQUAL expr  (71)
	arith_ops : expr . NOTEQUAL expr  (72)
	arith_ops : expr . SMALLER expr  (73)
	arith_ops : expr . SMALLEREQUAL expr  (74)
	arith_ops : expr . GREATER expr  (75)
	arith_ops : expr . GREATEREQUAL expr  (76)
	arith_ops : expr . AND expr  (77)
	arith_ops : expr . MOD expr  (78)
	arith_ops : expr . OR expr  (79)

	TIMES  shift 71
	DIVIDE  shift 72
	MOD  shift 73
	DOT  shift 75
	PLUS  reduce 67
	MINUS  reduce 67
	SEMICOLUMN  reduce 67
	SEQUENCE  reduce 67
	COLUMN  reduce 67
	GREATER  reduce 67
	GREATEREQUAL  reduce 67
	SMALLER  reduce 67
	SMALLEREQUAL  reduce 67
	EQUAL  reduce 67
	NOTEQUAL  reduce 67
	AND  reduce 67
	OR  reduce 67
	WEIGHTED  reduce 67
	RIGHTBRACKET  reduce 67
	RIGHTCURLYBRACKET  reduce 67
	RIGHTROUNDBRACKET  reduce 67


state 119
	expr : expr . DOT ID LEFTROUNDBRACKET list RIGHTROUNDBRACKET  (55)
	arith_ops : expr . PLUS expr  (67)
	arith_ops : expr . MINUS expr  (68)
	arith_ops : expr MINUS expr .  (68)
	arith_ops : expr . TIMES expr  (69)
	arith_ops : expr . DIVIDE expr  (70)
	arith_ops : expr . EQUAL expr  (71)
	arith_ops : expr . NOTEQUAL expr  (72)
	arith_ops : expr . SMALLER expr  (73)
	arith_ops : expr . SMALLEREQUAL expr  (74)
	arith_ops : expr . GREATER expr  (75)
	arith_ops : expr . GREATEREQUAL expr  (76)
	arith_ops : expr . AND expr  (77)
	arith_ops : expr . MOD expr  (78)
	arith_ops : expr . OR expr  (79)

	TIMES  shift 71
	DIVIDE  shift 72
	MOD  shift 73
	DOT  shift 75
	PLUS  reduce 68
	MINUS  reduce 68
	SEMICOLUMN  reduce 68
	SEQUENCE  reduce 68
	COLUMN  reduce 68
	GREATER  reduce 68
	GREATEREQUAL  reduce 68
	SMALLER  reduce 68
	SMALLEREQUAL  reduce 68
	EQUAL  reduce 68
	NOTEQUAL  reduce 68
	AND  reduce 68
	OR  reduce 68
	WEIGHTED  reduce 68
	RIGHTBRACKET  reduce 68
	RIGHTCURLYBRACKET  reduce 68
	RIGHTROUNDBRACKET  reduce 68


state 120
	expr : expr . DOT ID LEFTROUNDBRACKET list RIGHTROUNDBRACKET  (55)
	arith_ops : expr . PLUS expr  (67)
	arith_ops : expr . MINUS expr  (68)
	arith_ops : expr . TIMES expr  (69)
	arith_ops : expr TIMES expr .  (69)
	arith_ops : expr . DIVIDE expr  (70)
	arith_ops : expr . EQUAL expr  (71)
	arith_ops : expr . NOTEQUAL expr  (72)
	arith_ops : expr . SMALLER expr  (73)
	arith_ops : expr . SMALLEREQUAL expr  (74)
	arith_ops : expr . GREATER expr  (75)
	arith_ops : expr . GREATEREQUAL expr  (76)
	arith_ops : expr . AND expr  (77)
	arith_ops : expr . MOD expr  (78)
	arith_ops : expr . OR expr  (79)

	DOT  shift 75
	PLUS  reduce 69
	MINUS  reduce 69
	TIMES  reduce 69
	DIVIDE  reduce 69
	MOD  reduce 69
	SEMICOLUMN  reduce 69
	SEQUENCE  reduce 69
	COLUMN  reduce 69
	GREATER  reduce 69
	GREATEREQUAL  reduce 69
	SMALLER  reduce 69
	SMALLEREQUAL  reduce 69
	EQUAL  reduce 69
	NOTEQUAL  reduce 69
	AND  reduce 69
	OR  reduce 69
	WEIGHTED  reduce 69
	RIGHTBRACKET  reduce 69
	RIGHTCURLYBRACKET  reduce 69
	RIGHTROUNDBRACKET  reduce 69


state 121
	expr : expr . DOT ID LEFTROUNDBRACKET list RIGHTROUNDBRACKET  (55)
	arith_ops : expr . PLUS expr  (67)
	arith_ops : expr . MINUS expr  (68)
	arith_ops : expr . TIMES expr  (69)
	arith_ops : expr . DIVIDE expr  (70)
	arith_ops : expr DIVIDE expr .  (70)
	arith_ops : expr . EQUAL expr  (71)
	arith_ops : expr . NOTEQUAL expr  (72)
	arith_ops : expr . SMALLER expr  (73)
	arith_ops : expr . SMALLEREQUAL expr  (74)
	arith_ops : expr . GREATER expr  (75)
	arith_ops : expr . GREATEREQUAL expr  (76)
	arith_ops : expr . AND expr  (77)
	arith_ops : expr . MOD expr  (78)
	arith_ops : expr . OR expr  (79)

	DOT  shift 75
	PLUS  reduce 70
	MINUS  reduce 70
	TIMES  reduce 70
	DIVIDE  reduce 70
	MOD  reduce 70
	SEMICOLUMN  reduce 70
	SEQUENCE  reduce 70
	COLUMN  reduce 70
	GREATER  reduce 70
	GREATEREQUAL  reduce 70
	SMALLER  reduce 70
	SMALLEREQUAL  reduce 70
	EQUAL  reduce 70
	NOTEQUAL  reduce 70
	AND  reduce 70
	OR  reduce 70
	WEIGHTED  reduce 70
	RIGHTBRACKET  reduce 70
	RIGHTCURLYBRACKET  reduce 70
	RIGHTROUNDBRACKET  reduce 70


state 122
	expr : expr . DOT ID LEFTROUNDBRACKET list RIGHTROUNDBRACKET  (55)
	arith_ops : expr . PLUS expr  (67)
	arith_ops : expr . MINUS expr  (68)
	arith_ops : expr . TIMES expr  (69)
	arith_ops : expr . DIVIDE expr  (70)
	arith_ops : expr . EQUAL expr  (71)
	arith_ops : expr . NOTEQUAL expr  (72)
	arith_ops : expr . SMALLER expr  (73)
	arith_ops : expr . SMALLEREQUAL expr  (74)
	arith_ops : expr . GREATER expr  (75)
	arith_ops : expr . GREATEREQUAL expr  (76)
	arith_ops : expr . AND expr  (77)
	arith_ops : expr . MOD expr  (78)
	arith_ops : expr MOD expr .  (78)
	arith_ops : expr . OR expr  (79)

	DOT  shift 75
	PLUS  reduce 78
	MINUS  reduce 78
	TIMES  reduce 78
	DIVIDE  reduce 78
	MOD  reduce 78
	SEMICOLUMN  reduce 78
	SEQUENCE  reduce 78
	COLUMN  reduce 78
	GREATER  reduce 78
	GREATEREQUAL  reduce 78
	SMALLER  reduce 78
	SMALLEREQUAL  reduce 78
	EQUAL  reduce 78
	NOTEQUAL  reduce 78
	AND  reduce 78
	OR  reduce 78
	WEIGHTED  reduce 78
	RIGHTBRACKET  reduce 78
	RIGHTCURLYBRACKET  reduce 78
	RIGHTROUNDBRACKET  reduce 78


state 123
	expr : expr DOT ID . LEFTROUNDBRACKET list RIGHTROUNDBRACKET  (55)

	LEFTROUNDBRACKET  shift 159
	.  error


state 124
	expr : expr . DOT ID LEFTROUNDBRACKET list RIGHTROUNDBRACKET  (55)
	arith_ops : expr . PLUS expr  (67)
	arith_ops : expr . MINUS expr  (68)
	arith_ops : expr . TIMES expr  (69)
	arith_ops : expr . DIVIDE expr  (70)
	arith_ops : expr . EQUAL expr  (71)
	arith_ops : expr . NOTEQUAL expr  (72)
	arith_ops : expr . SMALLER expr  (73)
	arith_ops : expr . SMALLEREQUAL expr  (74)
	arith_ops : expr . GREATER expr  (75)
	arith_ops : expr GREATER expr .  (75)
	arith_ops : expr . GREATEREQUAL expr  (76)
	arith_ops : expr . AND expr  (77)
	arith_ops : expr . MOD expr  (78)
	arith_ops : expr . OR expr  (79)

	PLUS  shift 69
	MINUS  shift 70
	TIMES  shift 71
	DIVIDE  shift 72
	MOD  shift 73
	DOT  shift 75
	SEMICOLUMN  reduce 75
	SEQUENCE  reduce 75
	COLUMN  reduce 75
	GREATER  reduce 75
	GREATEREQUAL  reduce 75
	SMALLER  reduce 75
	SMALLEREQUAL  reduce 75
	EQUAL  reduce 75
	NOTEQUAL  reduce 75
	AND  reduce 75
	OR  reduce 75
	WEIGHTED  reduce 75
	RIGHTBRACKET  reduce 75
	RIGHTCURLYBRACKET  reduce 75
	RIGHTROUNDBRACKET  reduce 75


state 125
	expr : expr . DOT ID LEFTROUNDBRACKET list RIGHTROUNDBRACKET  (55)
	arith_ops : expr . PLUS expr  (67)
	arith_ops : expr . MINUS expr  (68)
	arith_ops : expr . TIMES expr  (69)
	arith_ops : expr . DIVIDE expr  (70)
	arith_ops : expr . EQUAL expr  (71)
	arith_ops : expr . NOTEQUAL expr  (72)
	arith_ops : expr . SMALLER expr  (73)
	arith_ops : expr . SMALLEREQUAL expr  (74)
	arith_ops : expr . GREATER expr  (75)
	arith_ops : expr . GREATEREQUAL expr  (76)
	arith_ops : expr GREATEREQUAL expr .  (76)
	arith_ops : expr . AND expr  (77)
	arith_ops : expr . MOD expr  (78)
	arith_ops : expr . OR expr  (79)

	PLUS  shift 69
	MINUS  shift 70
	TIMES  shift 71
	DIVIDE  shift 72
	MOD  shift 73
	DOT  shift 75
	SEMICOLUMN  reduce 76
	SEQUENCE  reduce 76
	COLUMN  reduce 76
	GREATER  reduce 76
	GREATEREQUAL  reduce 76
	SMALLER  reduce 76
	SMALLEREQUAL  reduce 76
	EQUAL  reduce 76
	NOTEQUAL  reduce 76
	AND  reduce 76
	OR  reduce 76
	WEIGHTED  reduce 76
	RIGHTBRACKET  reduce 76
	RIGHTCURLYBRACKET  reduce 76
	RIGHTROUNDBRACKET  reduce 76


state 126
	expr : expr . DOT ID LEFTROUNDBRACKET list RIGHTROUNDBRACKET  (55)
	arith_ops : expr . PLUS expr  (67)
	arith_ops : expr . MINUS expr  (68)
	arith_ops : expr . TIMES expr  (69)
	arith_ops : expr . DIVIDE expr  (70)
	arith_ops : expr . EQUAL expr  (71)
	arith_ops : expr . NOTEQUAL expr  (72)
	arith_ops : expr . SMALLER expr  (73)
	arith_ops : expr SMALLER expr .  (73)
	arith_ops : expr . SMALLEREQUAL expr  (74)
	arith_ops : expr . GREATER expr  (75)
	arith_ops : expr . GREATEREQUAL expr  (76)
	arith_ops : expr . AND expr  (77)
	arith_ops : expr . MOD expr  (78)
	arith_ops : expr . OR expr  (79)

	PLUS  shift 69
	MINUS  shift 70
	TIMES  shift 71
	DIVIDE  shift 72
	MOD  shift 73
	DOT  shift 75
	SEMICOLUMN  reduce 73
	SEQUENCE  reduce 73
	COLUMN  reduce 73
	GREATER  reduce 73
	GREATEREQUAL  reduce 73
	SMALLER  reduce 73
	SMALLEREQUAL  reduce 73
	EQUAL  reduce 73
	NOTEQUAL  reduce 73
	AND  reduce 73
	OR  reduce 73
	WEIGHTED  reduce 73
	RIGHTBRACKET  reduce 73
	RIGHTCURLYBRACKET  reduce 73
	RIGHTROUNDBRACKET  reduce 73


state 127
	expr : expr . DOT ID LEFTROUNDBRACKET list RIGHTROUNDBRACKET  (55)
	arith_ops : expr . PLUS expr  (67)
	arith_ops : expr . MINUS expr  (68)
	arith_ops : expr . TIMES expr  (69)
	arith_ops : expr . DIVIDE expr  (70)
	arith_ops : expr . EQUAL expr  (71)
	arith_ops : expr . NOTEQUAL expr  (72)
	arith_ops : expr . SMALLER expr  (73)
	arith_ops : expr . SMALLEREQUAL expr  (74)
	arith_ops : expr SMALLEREQUAL expr .  (74)
	arith_ops : expr . GREATER expr  (75)
	arith_ops : expr . GREATEREQUAL expr  (76)
	arith_ops : expr . AND expr  (77)
	arith_ops : expr . MOD expr  (78)
	arith_ops : expr . OR expr  (79)

	PLUS  shift 69
	MINUS  shift 70
	TIMES  shift 71
	DIVIDE  shift 72
	MOD  shift 73
	DOT  shift 75
	SEMICOLUMN  reduce 74
	SEQUENCE  reduce 74
	COLUMN  reduce 74
	GREATER  reduce 74
	GREATEREQUAL  reduce 74
	SMALLER  reduce 74
	SMALLEREQUAL  reduce 74
	EQUAL  reduce 74
	NOTEQUAL  reduce 74
	AND  reduce 74
	OR  reduce 74
	WEIGHTED  reduce 74
	RIGHTBRACKET  reduce 74
	RIGHTCURLYBRACKET  reduce 74
	RIGHTROUNDBRACKET  reduce 74


state 128
	expr : expr . DOT ID LEFTROUNDBRACKET list RIGHTROUNDBRACKET  (55)
	arith_ops : expr . PLUS expr  (67)
	arith_ops : expr . MINUS expr  (68)
	arith_ops : expr . TIMES expr  (69)
	arith_ops : expr . DIVIDE expr  (70)
	arith_ops : expr . EQUAL expr  (71)
	arith_ops : expr EQUAL expr .  (71)
	arith_ops : expr . NOTEQUAL expr  (72)
	arith_ops : expr . SMALLER expr  (73)
	arith_ops : expr . SMALLEREQUAL expr  (74)
	arith_ops : expr . GREATER expr  (75)
	arith_ops : expr . GREATEREQUAL expr  (76)
	arith_ops : expr . AND expr  (77)
	arith_ops : expr . MOD expr  (78)
	arith_ops : expr . OR expr  (79)

	PLUS  shift 69
	MINUS  shift 70
	TIMES  shift 71
	DIVIDE  shift 72
	MOD  shift 73
	DOT  shift 75
	GREATER  shift 76
	GREATEREQUAL  shift 77
	SMALLER  shift 78
	SMALLEREQUAL  shift 79
	SEMICOLUMN  reduce 71
	SEQUENCE  reduce 71
	COLUMN  reduce 71
	EQUAL  reduce 71
	NOTEQUAL  reduce 71
	AND  reduce 71
	OR  reduce 71
	WEIGHTED  reduce 71
	RIGHTBRACKET  reduce 71
	RIGHTCURLYBRACKET  reduce 71
	RIGHTROUNDBRACKET  reduce 71


state 129
	expr : expr . DOT ID LEFTROUNDBRACKET list RIGHTROUNDBRACKET  (55)
	arith_ops : expr . PLUS expr  (67)
	arith_ops : expr . MINUS expr  (68)
	arith_ops : expr . TIMES expr  (69)
	arith_ops : expr . DIVIDE expr  (70)
	arith_ops : expr . EQUAL expr  (71)
	arith_ops : expr . NOTEQUAL expr  (72)
	arith_ops : expr NOTEQUAL expr .  (72)
	arith_ops : expr . SMALLER expr  (73)
	arith_ops : expr . SMALLEREQUAL expr  (74)
	arith_ops : expr . GREATER expr  (75)
	arith_ops : expr . GREATEREQUAL expr  (76)
	arith_ops : expr . AND expr  (77)
	arith_ops : expr . MOD expr  (78)
	arith_ops : expr . OR expr  (79)

	PLUS  shift 69
	MINUS  shift 70
	TIMES  shift 71
	DIVIDE  shift 72
	MOD  shift 73
	DOT  shift 75
	GREATER  shift 76
	GREATEREQUAL  shift 77
	SMALLER  shift 78
	SMALLEREQUAL  shift 79
	SEMICOLUMN  reduce 72
	SEQUENCE  reduce 72
	COLUMN  reduce 72
	EQUAL  reduce 72
	NOTEQUAL  reduce 72
	AND  reduce 72
	OR  reduce 72
	WEIGHTED  reduce 72
	RIGHTBRACKET  reduce 72
	RIGHTCURLYBRACKET  reduce 72
	RIGHTROUNDBRACKET  reduce 72


state 130
	expr : expr . DOT ID LEFTROUNDBRACKET list RIGHTROUNDBRACKET  (55)
	arith_ops : expr . PLUS expr  (67)
	arith_ops : expr . MINUS expr  (68)
	arith_ops : expr . TIMES expr  (69)
	arith_ops : expr . DIVIDE expr  (70)
	arith_ops : expr . EQUAL expr  (71)
	arith_ops : expr . NOTEQUAL expr  (72)
	arith_ops : expr . SMALLER expr  (73)
	arith_ops : expr . SMALLEREQUAL expr  (74)
	arith_ops : expr . GREATER expr  (75)
	arith_ops : expr . GREATEREQUAL expr  (76)
	arith_ops : expr . AND expr  (77)
	arith_ops : expr AND expr .  (77)
	arith_ops : expr . MOD expr  (78)
	arith_ops : expr . OR expr  (79)

	PLUS  shift 69
	MINUS  shift 70
	TIMES  shift 71
	DIVIDE  shift 72
	MOD  shift 73
	DOT  shift 75
	GREATER  shift 76
	GREATEREQUAL  shift 77
	SMALLER  shift 78
	SMALLEREQUAL  shift 79
	EQUAL  shift 80
	NOTEQUAL  shift 81
	SEMICOLUMN  reduce 77
	SEQUENCE  reduce 77
	COLUMN  reduce 77
	AND  reduce 77
	OR  reduce 77
	WEIGHTED  reduce 77
	RIGHTBRACKET  reduce 77
	RIGHTCURLYBRACKET  reduce 77
	RIGHTROUNDBRACKET  reduce 77


state 131
	expr : expr . DOT ID LEFTROUNDBRACKET list RIGHTROUNDBRACKET  (55)
	arith_ops : expr . PLUS expr  (67)
	arith_ops : expr . MINUS expr  (68)
	arith_ops : expr . TIMES expr  (69)
	arith_ops : expr . DIVIDE expr  (70)
	arith_ops : expr . EQUAL expr  (71)
	arith_ops : expr . NOTEQUAL expr  (72)
	arith_ops : expr . SMALLER expr  (73)
	arith_ops : expr . SMALLEREQUAL expr  (74)
	arith_ops : expr . GREATER expr  (75)
	arith_ops : expr . GREATEREQUAL expr  (76)
	arith_ops : expr . AND expr  (77)
	arith_ops : expr . MOD expr  (78)
	arith_ops : expr . OR expr  (79)
	arith_ops : expr OR expr .  (79)

	PLUS  shift 69
	MINUS  shift 70
	TIMES  shift 71
	DIVIDE  shift 72
	MOD  shift 73
	DOT  shift 75
	GREATER  shift 76
	GREATEREQUAL  shift 77
	SMALLER  shift 78
	SMALLEREQUAL  shift 79
	EQUAL  shift 80
	NOTEQUAL  shift 81
	SEMICOLUMN  reduce 79
	SEQUENCE  reduce 79
	COLUMN  reduce 79
	AND  reduce 79
	OR  reduce 79
	WEIGHTED  reduce 79
	RIGHTBRACKET  reduce 79
	RIGHTCURLYBRACKET  reduce 79
	RIGHTROUNDBRACKET  reduce 79


state 132
	var_decl : var_type ID ASSIGN . expr  (14)

	MINUS  shift 5
	SPLIT  shift 6
	NOT  shift 7
	INT  shift 38
	FLOAT  shift 39
	STRING  shift 40
	BOOL  shift 41
	NODE  shift 42
	NULL  shift 43
	LEFTBRACKET  shift 22
	LEFTCURLYBRACKET  shift 23
	LEFTROUNDBRACKET  shift 24
	ID  shift 26
	INT_LITERAL  shift 27
	STRING_LITERAL  shift 28
	FLOAT_LITERAL  shift 29
	BOOL_LITERAL  shift 30
	.  error

	expr  goto 160
	literals  goto 36
	arith_ops  goto 37


state 133
	func_decl : var_type ID LEFTROUNDBRACKET . formal_list RIGHTROUNDBRACKET LEFTCURLYBRACKET stmt_list RIGHTCURLYBRACKET  (38)
	formal_list : .  (34)

	INT  shift 161
	FLOAT  shift 162
	STRING  shift 163
	BOOL  shift 164
	NODE  shift 165
	GRAPH  shift 17
	LIST  shift 18
	DICT  shift 19
	NULL  shift 166
	VOID  shift 21
	SEQUENCE  reduce 34
	RIGHTROUNDBRACKET  reduce 34

	var_type  goto 167
	formal_list  goto 168
	formal  goto 169


state 134
	expr : expr . DOT ID LEFTROUNDBRACKET list RIGHTROUNDBRACKET  (55)
	edgeAssign : ID COLUMN expr . WEIGHTED ID  (60)
	arith_ops : expr . PLUS expr  (67)
	arith_ops : expr . MINUS expr  (68)
	arith_ops : expr . TIMES expr  (69)
	arith_ops : expr . DIVIDE expr  (70)
	arith_ops : expr . EQUAL expr  (71)
	arith_ops : expr . NOTEQUAL expr  (72)
	arith_ops : expr . SMALLER expr  (73)
	arith_ops : expr . SMALLEREQUAL expr  (74)
	arith_ops : expr . GREATER expr  (75)
	arith_ops : expr . GREATEREQUAL expr  (76)
	arith_ops : expr . AND expr  (77)
	arith_ops : expr . MOD expr  (78)
	arith_ops : expr . OR expr  (79)

	PLUS  shift 69
	MINUS  shift 70
	TIMES  shift 71
	DIVIDE  shift 72
	MOD  shift 73
	DOT  shift 75
	GREATER  shift 76
	GREATEREQUAL  shift 77
	SMALLER  shift 78
	SMALLEREQUAL  shift 79
	EQUAL  shift 80
	NOTEQUAL  shift 81
	AND  shift 82
	OR  shift 83
	WEIGHTED  shift 170
	.  error


state 135
	splits : splits SEQUENCE edgeAssign .  (62)

	.  reduce 62


state 136
	stmt : IF LEFTROUNDBRACKET expr RIGHTROUNDBRACKET . LEFTCURLYBRACKET stmt_list RIGHTCURLYBRACKET ELSE LEFTCURLYBRACKET stmt_list RIGHTCURLYBRACKET  (9)
	stmt : IF LEFTROUNDBRACKET expr RIGHTROUNDBRACKET . LEFTCURLYBRACKET stmt_list RIGHTCURLYBRACKET  (10)

	LEFTCURLYBRACKET  shift 171
	.  error


state 137
	stmt : FOR LEFTROUNDBRACKET for_expr SEMICOLUMN . expr SEMICOLUMN for_expr RIGHTROUNDBRACKET LEFTCURLYBRACKET stmt_list RIGHTCURLYBRACKET  (8)

	MINUS  shift 5
	SPLIT  shift 6
	NOT  shift 7
	INT  shift 38
	FLOAT  shift 39
	STRING  shift 40
	BOOL  shift 41
	NODE  shift 42
	NULL  shift 43
	LEFTBRACKET  shift 22
	LEFTCURLYBRACKET  shift 23
	LEFTROUNDBRACKET  shift 24
	ID  shift 26
	INT_LITERAL  shift 27
	STRING_LITERAL  shift 28
	FLOAT_LITERAL  shift 29
	BOOL_LITERAL  shift 30
	.  error

	expr  goto 172
	literals  goto 36
	arith_ops  goto 37


state 138
	stmt : WHILE LEFTROUNDBRACKET expr RIGHTROUNDBRACKET . LEFTCURLYBRACKET stmt_list RIGHTCURLYBRACKET  (11)

	LEFTCURLYBRACKET  shift 173
	.  error


state 139
	expr : INT LEFTROUNDBRACKET list RIGHTROUNDBRACKET .  (51)

	.  reduce 51


state 140
	expr : FLOAT LEFTROUNDBRACKET list RIGHTROUNDBRACKET .  (52)

	.  reduce 52


state 141
	expr : STRING LEFTROUNDBRACKET list RIGHTROUNDBRACKET .  (54)

	.  reduce 54


state 142
	expr : BOOL LEFTROUNDBRACKET list RIGHTROUNDBRACKET .  (53)

	.  reduce 53


state 143
	expr : NODE LEFTROUNDBRACKET expr RIGHTROUNDBRACKET .  (44)

	.  reduce 44


state 144
	var_type : LIST SMALLER INT GREATER .  (28)

	.  reduce 28


state 145
	var_type : LIST SMALLER FLOAT GREATER .  (29)

	.  reduce 29


state 146
	var_type : LIST SMALLER STRING GREATER .  (30)

	.  reduce 30


state 147
	var_type : LIST SMALLER BOOL GREATER .  (31)

	.  reduce 31


state 148
	var_type : LIST SMALLER NODE GREATER .  (32)

	.  reduce 32


state 149
	var_type : LIST SMALLER GRAPH GREATER .  (33)

	.  reduce 33


state 150
	var_type : DICT SMALLER INT GREATER .  (23)

	.  reduce 23


state 151
	var_type : DICT SMALLER FLOAT GREATER .  (24)

	.  reduce 24


state 152
	var_type : DICT SMALLER STRING GREATER .  (25)

	.  reduce 25


state 153
	var_type : DICT SMALLER NODE GREATER .  (26)

	.  reduce 26


state 154
	var_type : DICT SMALLER GRAPH GREATER .  (27)

	.  reduce 27


state 155
	expr : expr . DOT ID LEFTROUNDBRACKET list RIGHTROUNDBRACKET  (55)
	list : list SEQUENCE expr .  (59)
	arith_ops : expr . PLUS expr  (67)
	arith_ops : expr . MINUS expr  (68)
	arith_ops : expr . TIMES expr  (69)
	arith_ops : expr . DIVIDE expr  (70)
	arith_ops : expr . EQUAL expr  (71)
	arith_ops : expr . NOTEQUAL expr  (72)
	arith_ops : expr . SMALLER expr  (73)
	arith_ops : expr . SMALLEREQUAL expr  (74)
	arith_ops : expr . GREATER expr  (75)
	arith_ops : expr . GREATEREQUAL expr  (76)
	arith_ops : expr . AND expr  (77)
	arith_ops : expr . MOD expr  (78)
	arith_ops : expr . OR expr  (79)

	PLUS  shift 69
	MINUS  shift 70
	TIMES  shift 71
	DIVIDE  shift 72
	MOD  shift 73
	DOT  shift 75
	GREATER  shift 76
	GREATEREQUAL  shift 77
	SMALLER  shift 78
	SMALLEREQUAL  shift 79
	EQUAL  shift 80
	NOTEQUAL  shift 81
	AND  shift 82
	OR  shift 83
	SEQUENCE  reduce 59
	RIGHTBRACKET  reduce 59
	RIGHTROUNDBRACKET  reduce 59


state 156
	expr : expr . DOT ID LEFTROUNDBRACKET list RIGHTROUNDBRACKET  (55)
	dict_key_value : expr COLUMN expr .  (63)
	arith_ops : expr . PLUS expr  (67)
	arith_ops : expr . MINUS expr  (68)
	arith_ops : expr . TIMES expr  (69)
	arith_ops : expr . DIVIDE expr  (70)
	arith_ops : expr . EQUAL expr  (71)
	arith_ops : expr . NOTEQUAL expr  (72)
	arith_ops : expr . SMALLER expr  (73)
	arith_ops : expr . SMALLEREQUAL expr  (74)
	arith_ops : expr . GREATER expr  (75)
	arith_ops : expr . GREATEREQUAL expr  (76)
	arith_ops : expr . AND expr  (77)
	arith_ops : expr . MOD expr  (78)
	arith_ops : expr . OR expr  (79)

	PLUS  shift 69
	MINUS  shift 70
	TIMES  shift 71
	DIVIDE  shift 72
	MOD  shift 73
	DOT  shift 75
	GREATER  shift 76
	GREATEREQUAL  shift 77
	SMALLER  shift 78
	SMALLEREQUAL  shift 79
	EQUAL  shift 80
	NOTEQUAL  shift 81
	AND  shift 82
	OR  shift 83
	SEQUENCE  reduce 63
	RIGHTCURLYBRACKET  reduce 63


state 157
	dict : dict SEQUENCE dict_key_value .  (66)

	.  reduce 66


state 158
	expr : ID LEFTROUNDBRACKET list RIGHTROUNDBRACKET .  (50)

	.  reduce 50


state 159
	expr : expr DOT ID LEFTROUNDBRACKET . list RIGHTROUNDBRACKET  (55)
	list : .  (57)

	MINUS  shift 5
	SPLIT  shift 6
	NOT  shift 7
	INT  shift 38
	FLOAT  shift 39
	STRING  shift 40
	BOOL  shift 41
	NODE  shift 42
	NULL  shift 43
	LEFTBRACKET  shift 22
	LEFTCURLYBRACKET  shift 23
	LEFTROUNDBRACKET  shift 24
	ID  shift 26
	INT_LITERAL  shift 27
	STRING_LITERAL  shift 28
	FLOAT_LITERAL  shift 29
	BOOL_LITERAL  shift 30
	SEQUENCE  reduce 57
	RIGHTROUNDBRACKET  reduce 57

	expr  goto 61
	literals  goto 36
	arith_ops  goto 37
	list  goto 174


state 160
	var_decl : var_type ID ASSIGN expr .  (14)
	expr : expr . DOT ID LEFTROUNDBRACKET list RIGHTROUNDBRACKET  (55)
	arith_ops : expr . PLUS expr  (67)
	arith_ops : expr . MINUS expr  (68)
	arith_ops : expr . TIMES expr  (69)
	arith_ops : expr . DIVIDE expr  (70)
	arith_ops : expr . EQUAL expr  (71)
	arith_ops : expr . NOTEQUAL expr  (72)
	arith_ops : expr . SMALLER expr  (73)
	arith_ops : expr . SMALLEREQUAL expr  (74)
	arith_ops : expr . GREATER expr  (75)
	arith_ops : expr . GREATEREQUAL expr  (76)
	arith_ops : expr . AND expr  (77)
	arith_ops : expr . MOD expr  (78)
	arith_ops : expr . OR expr  (79)

	PLUS  shift 69
	MINUS  shift 70
	TIMES  shift 71
	DIVIDE  shift 72
	MOD  shift 73
	DOT  shift 75
	GREATER  shift 76
	GREATEREQUAL  shift 77
	SMALLER  shift 78
	SMALLEREQUAL  shift 79
	EQUAL  shift 80
	NOTEQUAL  shift 81
	AND  shift 82
	OR  shift 83
	SEMICOLUMN  reduce 14


state 161
	var_type : INT .  (17)

	.  reduce 17


state 162
	var_type : FLOAT .  (18)

	.  reduce 18


state 163
	var_type : STRING .  (19)

	.  reduce 19


state 164
	var_type : BOOL .  (20)

	.  reduce 20


state 165
	var_type : NODE .  (21)

	.  reduce 21


state 166
	var_type : NULL .  (16)

	.  reduce 16


state 167
	formal : var_type . ID  (37)

	ID  shift 175
	.  error


state 168
	formal_list : formal_list . SEQUENCE formal  (36)
	func_decl : var_type ID LEFTROUNDBRACKET formal_list . RIGHTROUNDBRACKET LEFTCURLYBRACKET stmt_list RIGHTCURLYBRACKET  (38)

	SEQUENCE  shift 176
	RIGHTROUNDBRACKET  shift 177
	.  error


state 169
	formal_list : formal .  (35)

	.  reduce 35


state 170
	edgeAssign : ID COLUMN expr WEIGHTED . ID  (60)

	ID  shift 178
	.  error


state 171
	stmt : IF LEFTROUNDBRACKET expr RIGHTROUNDBRACKET LEFTCURLYBRACKET . stmt_list RIGHTCURLYBRACKET ELSE LEFTCURLYBRACKET stmt_list RIGHTCURLYBRACKET  (9)
	stmt : IF LEFTROUNDBRACKET expr RIGHTROUNDBRACKET LEFTCURLYBRACKET . stmt_list RIGHTCURLYBRACKET  (10)
	stmt_list : .  (2)

	.  reduce 2

	stmt_list  goto 179


state 172
	stmt : FOR LEFTROUNDBRACKET for_expr SEMICOLUMN expr . SEMICOLUMN for_expr RIGHTROUNDBRACKET LEFTCURLYBRACKET stmt_list RIGHTCURLYBRACKET  (8)
	expr : expr . DOT ID LEFTROUNDBRACKET list RIGHTROUNDBRACKET  (55)
	arith_ops : expr . PLUS expr  (67)
	arith_ops : expr . MINUS expr  (68)
	arith_ops : expr . TIMES expr  (69)
	arith_ops : expr . DIVIDE expr  (70)
	arith_ops : expr . EQUAL expr  (71)
	arith_ops : expr . NOTEQUAL expr  (72)
	arith_ops : expr . SMALLER expr  (73)
	arith_ops : expr . SMALLEREQUAL expr  (74)
	arith_ops : expr . GREATER expr  (75)
	arith_ops : expr . GREATEREQUAL expr  (76)
	arith_ops : expr . AND expr  (77)
	arith_ops : expr . MOD expr  (78)
	arith_ops : expr . OR expr  (79)

	PLUS  shift 69
	MINUS  shift 70
	TIMES  shift 71
	DIVIDE  shift 72
	MOD  shift 73
	SEMICOLUMN  shift 180
	DOT  shift 75
	GREATER  shift 76
	GREATEREQUAL  shift 77
	SMALLER  shift 78
	SMALLEREQUAL  shift 79
	EQUAL  shift 80
	NOTEQUAL  shift 81
	AND  shift 82
	OR  shift 83
	.  error


state 173
	stmt : WHILE LEFTROUNDBRACKET expr RIGHTROUNDBRACKET LEFTCURLYBRACKET . stmt_list RIGHTCURLYBRACKET  (11)
	stmt_list : .  (2)

	.  reduce 2

	stmt_list  goto 181


state 174
	expr : expr DOT ID LEFTROUNDBRACKET list . RIGHTROUNDBRACKET  (55)
	list : list . SEQUENCE expr  (59)

	SEQUENCE  shift 110
	RIGHTROUNDBRACKET  shift 182
	.  error


state 175
	formal : var_type ID .  (37)

	.  reduce 37


state 176
	formal_list : formal_list SEQUENCE . formal  (36)

	INT  shift 161
	FLOAT  shift 162
	STRING  shift 163
	BOOL  shift 164
	NODE  shift 165
	GRAPH  shift 17
	LIST  shift 18
	DICT  shift 19
	NULL  shift 166
	VOID  shift 21
	.  error

	var_type  goto 167
	formal  goto 183


state 177
	func_decl : var_type ID LEFTROUNDBRACKET formal_list RIGHTROUNDBRACKET . LEFTCURLYBRACKET stmt_list RIGHTCURLYBRACKET  (38)

	LEFTCURLYBRACKET  shift 184
	.  error


state 178
	edgeAssign : ID COLUMN expr WEIGHTED ID .  (60)

	.  reduce 60


state 179
	stmt_list : stmt_list . stmt  (3)
	stmt : IF LEFTROUNDBRACKET expr RIGHTROUNDBRACKET LEFTCURLYBRACKET stmt_list . RIGHTCURLYBRACKET ELSE LEFTCURLYBRACKET stmt_list RIGHTCURLYBRACKET  (9)
	stmt : IF LEFTROUNDBRACKET expr RIGHTROUNDBRACKET LEFTCURLYBRACKET stmt_list . RIGHTCURLYBRACKET  (10)

	MINUS  shift 5
	SPLIT  shift 6
	NOT  shift 7
	IF  shift 8
	FOR  shift 9
	WHILE  shift 10
	RETURN  shift 11
	INT  shift 12
	FLOAT  shift 13
	STRING  shift 14
	BOOL  shift 15
	NODE  shift 16
	GRAPH  shift 17
	LIST  shift 18
	DICT  shift 19
	NULL  shift 20
	VOID  shift 21
	LEFTBRACKET  shift 22
	LEFTCURLYBRACKET  shift 23
	RIGHTCURLYBRACKET  shift 185
	LEFTROUNDBRACKET  shift 24
	ID  shift 26
	INT_LITERAL  shift 27
	STRING_LITERAL  shift 28
	FLOAT_LITERAL  shift 29
	BOOL_LITERAL  shift 30
	.  error

	stmt  goto 31
	expr  goto 32
	func_decl  goto 33
	var_decl  goto 34
	var_type  goto 35
	literals  goto 36
	arith_ops  goto 37


state 180
	stmt : FOR LEFTROUNDBRACKET for_expr SEMICOLUMN expr SEMICOLUMN . for_expr RIGHTROUNDBRACKET LEFTCURLYBRACKET stmt_list RIGHTCURLYBRACKET  (8)
	for_expr : .  (39)

	MINUS  shift 5
	SPLIT  shift 6
	NOT  shift 7
	INT  shift 38
	FLOAT  shift 39
	STRING  shift 40
	BOOL  shift 41
	NODE  shift 42
	NULL  shift 43
	LEFTBRACKET  shift 22
	LEFTCURLYBRACKET  shift 23
	LEFTROUNDBRACKET  shift 24
	ID  shift 26
	INT_LITERAL  shift 27
	STRING_LITERAL  shift 28
	FLOAT_LITERAL  shift 29
	BOOL_LITERAL  shift 30
	RIGHTROUNDBRACKET  reduce 39

	expr  goto 90
	for_expr  goto 186
	literals  goto 36
	arith_ops  goto 37


state 181
	stmt_list : stmt_list . stmt  (3)
	stmt : WHILE LEFTROUNDBRACKET expr RIGHTROUNDBRACKET LEFTCURLYBRACKET stmt_list . RIGHTCURLYBRACKET  (11)

	MINUS  shift 5
	SPLIT  shift 6
	NOT  shift 7
	IF  shift 8
	FOR  shift 9
	WHILE  shift 10
	RETURN  shift 11
	INT  shift 12
	FLOAT  shift 13
	STRING  shift 14
	BOOL  shift 15
	NODE  shift 16
	GRAPH  shift 17
	LIST  shift 18
	DICT  shift 19
	NULL  shift 20
	VOID  shift 21
	LEFTBRACKET  shift 22
	LEFTCURLYBRACKET  shift 23
	RIGHTCURLYBRACKET  shift 187
	LEFTROUNDBRACKET  shift 24
	ID  shift 26
	INT_LITERAL  shift 27
	STRING_LITERAL  shift 28
	FLOAT_LITERAL  shift 29
	BOOL_LITERAL  shift 30
	.  error

	stmt  goto 31
	expr  goto 32
	func_decl  goto 33
	var_decl  goto 34
	var_type  goto 35
	literals  goto 36
	arith_ops  goto 37


state 182
	expr : expr DOT ID LEFTROUNDBRACKET list RIGHTROUNDBRACKET .  (55)

	.  reduce 55


state 183
	formal_list : formal_list SEQUENCE formal .  (36)

	.  reduce 36


state 184
	func_decl : var_type ID LEFTROUNDBRACKET formal_list RIGHTROUNDBRACKET LEFTCURLYBRACKET . stmt_list RIGHTCURLYBRACKET  (38)
	stmt_list : .  (2)

	.  reduce 2

	stmt_list  goto 188


state 185
	stmt : IF LEFTROUNDBRACKET expr RIGHTROUNDBRACKET LEFTCURLYBRACKET stmt_list RIGHTCURLYBRACKET . ELSE LEFTCURLYBRACKET stmt_list RIGHTCURLYBRACKET  (9)
	stmt : IF LEFTROUNDBRACKET expr RIGHTROUNDBRACKET LEFTCURLYBRACKET stmt_list RIGHTCURLYBRACKET .  (10)

	ELSE  shift 189
	MINUS  reduce 10
	SPLIT  reduce 10
	NOT  reduce 10
	IF  reduce 10
	FOR  reduce 10
	WHILE  reduce 10
	RETURN  reduce 10
	INT  reduce 10
	FLOAT  reduce 10
	STRING  reduce 10
	BOOL  reduce 10
	NODE  reduce 10
	GRAPH  reduce 10
	LIST  reduce 10
	DICT  reduce 10
	NULL  reduce 10
	VOID  reduce 10
	LEFTBRACKET  reduce 10
	LEFTCURLYBRACKET  reduce 10
	RIGHTCURLYBRACKET  reduce 10
	LEFTROUNDBRACKET  reduce 10
	EOF  reduce 10
	ID  reduce 10
	INT_LITERAL  reduce 10
	STRING_LITERAL  reduce 10
	FLOAT_LITERAL  reduce 10
	BOOL_LITERAL  reduce 10


state 186
	stmt : FOR LEFTROUNDBRACKET for_expr SEMICOLUMN expr SEMICOLUMN for_expr . RIGHTROUNDBRACKET LEFTCURLYBRACKET stmt_list RIGHTCURLYBRACKET  (8)

	RIGHTROUNDBRACKET  shift 190
	.  error


state 187
	stmt : WHILE LEFTROUNDBRACKET expr RIGHTROUNDBRACKET LEFTCURLYBRACKET stmt_list RIGHTCURLYBRACKET .  (11)

	.  reduce 11


state 188
	stmt_list : stmt_list . stmt  (3)
	func_decl : var_type ID LEFTROUNDBRACKET formal_list RIGHTROUNDBRACKET LEFTCURLYBRACKET stmt_list . RIGHTCURLYBRACKET  (38)

	MINUS  shift 5
	SPLIT  shift 6
	NOT  shift 7
	IF  shift 8
	FOR  shift 9
	WHILE  shift 10
	RETURN  shift 11
	INT  shift 12
	FLOAT  shift 13
	STRING  shift 14
	BOOL  shift 15
	NODE  shift 16
	GRAPH  shift 17
	LIST  shift 18
	DICT  shift 19
	NULL  shift 20
	VOID  shift 21
	LEFTBRACKET  shift 22
	LEFTCURLYBRACKET  shift 23
	RIGHTCURLYBRACKET  shift 191
	LEFTROUNDBRACKET  shift 24
	ID  shift 26
	INT_LITERAL  shift 27
	STRING_LITERAL  shift 28
	FLOAT_LITERAL  shift 29
	BOOL_LITERAL  shift 30
	.  error

	stmt  goto 31
	expr  goto 32
	func_decl  goto 33
	var_decl  goto 34
	var_type  goto 35
	literals  goto 36
	arith_ops  goto 37


state 189
	stmt : IF LEFTROUNDBRACKET expr RIGHTROUNDBRACKET LEFTCURLYBRACKET stmt_list RIGHTCURLYBRACKET ELSE . LEFTCURLYBRACKET stmt_list RIGHTCURLYBRACKET  (9)

	LEFTCURLYBRACKET  shift 192
	.  error


state 190
	stmt : FOR LEFTROUNDBRACKET for_expr SEMICOLUMN expr SEMICOLUMN for_expr RIGHTROUNDBRACKET . LEFTCURLYBRACKET stmt_list RIGHTCURLYBRACKET  (8)

	LEFTCURLYBRACKET  shift 193
	.  error


state 191
	func_decl : var_type ID LEFTROUNDBRACKET formal_list RIGHTROUNDBRACKET LEFTCURLYBRACKET stmt_list RIGHTCURLYBRACKET .  (38)

	.  reduce 38


state 192
	stmt : IF LEFTROUNDBRACKET expr RIGHTROUNDBRACKET LEFTCURLYBRACKET stmt_list RIGHTCURLYBRACKET ELSE LEFTCURLYBRACKET . stmt_list RIGHTCURLYBRACKET  (9)
	stmt_list : .  (2)

	.  reduce 2

	stmt_list  goto 194


state 193
	stmt : FOR LEFTROUNDBRACKET for_expr SEMICOLUMN expr SEMICOLUMN for_expr RIGHTROUNDBRACKET LEFTCURLYBRACKET . stmt_list RIGHTCURLYBRACKET  (8)
	stmt_list : .  (2)

	.  reduce 2

	stmt_list  goto 195


state 194
	stmt_list : stmt_list . stmt  (3)
	stmt : IF LEFTROUNDBRACKET expr RIGHTROUNDBRACKET LEFTCURLYBRACKET stmt_list RIGHTCURLYBRACKET ELSE LEFTCURLYBRACKET stmt_list . RIGHTCURLYBRACKET  (9)

	MINUS  shift 5
	SPLIT  shift 6
	NOT  shift 7
	IF  shift 8
	FOR  shift 9
	WHILE  shift 10
	RETURN  shift 11
	INT  shift 12
	FLOAT  shift 13
	STRING  shift 14
	BOOL  shift 15
	NODE  shift 16
	GRAPH  shift 17
	LIST  shift 18
	DICT  shift 19
	NULL  shift 20
	VOID  shift 21
	LEFTBRACKET  shift 22
	LEFTCURLYBRACKET  shift 23
	RIGHTCURLYBRACKET  shift 196
	LEFTROUNDBRACKET  shift 24
	ID  shift 26
	INT_LITERAL  shift 27
	STRING_LITERAL  shift 28
	FLOAT_LITERAL  shift 29
	BOOL_LITERAL  shift 30
	.  error

	stmt  goto 31
	expr  goto 32
	func_decl  goto 33
	var_decl  goto 34
	var_type  goto 35
	literals  goto 36
	arith_ops  goto 37


state 195
	stmt_list : stmt_list . stmt  (3)
	stmt : FOR LEFTROUNDBRACKET for_expr SEMICOLUMN expr SEMICOLUMN for_expr RIGHTROUNDBRACKET LEFTCURLYBRACKET stmt_list . RIGHTCURLYBRACKET  (8)

	MINUS  shift 5
	SPLIT  shift 6
	NOT  shift 7
	IF  shift 8
	FOR  shift 9
	WHILE  shift 10
	RETURN  shift 11
	INT  shift 12
	FLOAT  shift 13
	STRING  shift 14
	BOOL  shift 15
	NODE  shift 16
	GRAPH  shift 17
	LIST  shift 18
	DICT  shift 19
	NULL  shift 20
	VOID  shift 21
	LEFTBRACKET  shift 22
	LEFTCURLYBRACKET  shift 23
	RIGHTCURLYBRACKET  shift 197
	LEFTROUNDBRACKET  shift 24
	ID  shift 26
	INT_LITERAL  shift 27
	STRING_LITERAL  shift 28
	FLOAT_LITERAL  shift 29
	BOOL_LITERAL  shift 30
	.  error

	stmt  goto 31
	expr  goto 32
	func_decl  goto 33
	var_decl  goto 34
	var_type  goto 35
	literals  goto 36
	arith_ops  goto 37


state 196
	stmt : IF LEFTROUNDBRACKET expr RIGHTROUNDBRACKET LEFTCURLYBRACKET stmt_list RIGHTCURLYBRACKET ELSE LEFTCURLYBRACKET stmt_list RIGHTCURLYBRACKET .  (9)

	.  reduce 9


state 197
	stmt : FOR LEFTROUNDBRACKET for_expr SEMICOLUMN expr SEMICOLUMN for_expr RIGHTROUNDBRACKET LEFTCURLYBRACKET stmt_list RIGHTCURLYBRACKET .  (8)

	.  reduce 8


66 terminals, 19 nonterminals
87 grammar rules, 198 states
